{"/home/damien/PlanFlan/planflan2/app/static/js/api.js": {"path":"/home/damien/PlanFlan/planflan2/app/static/js/api.js","statementMap":{"0":{"start":{"line":16,"column":4},"end":{"line":43,"column":5}},"1":{"start":{"line":17,"column":8},"end":{"line":17,"column":49}},"2":{"start":{"line":18,"column":8},"end":{"line":18,"column":50}},"3":{"start":{"line":20,"column":25},"end":{"line":26,"column":10}},"4":{"start":{"line":28,"column":8},"end":{"line":32,"column":9}},"5":{"start":{"line":29,"column":30},"end":{"line":29,"column":69}},"6":{"start":{"line":29,"column":65},"end":{"line":29,"column":67}},"7":{"start":{"line":30,"column":33},"end":{"line":30,"column":86}},"8":{"start":{"line":31,"column":12},"end":{"line":31,"column":42}},"9":{"start":{"line":34,"column":21},"end":{"line":34,"column":42}},"10":{"start":{"line":35,"column":8},"end":{"line":35,"column":62}},"11":{"start":{"line":36,"column":8},"end":{"line":36,"column":20}},"12":{"start":{"line":38,"column":8},"end":{"line":38,"column":69}},"13":{"start":{"line":39,"column":8},"end":{"line":39,"column":42}},"14":{"start":{"line":40,"column":8},"end":{"line":40,"column":20}},"15":{"start":{"line":42,"column":8},"end":{"line":42,"column":22}},"16":{"start":{"line":51,"column":4},"end":{"line":51,"column":57}},"17":{"start":{"line":60,"column":4},"end":{"line":60,"column":80}},"18":{"start":{"line":69,"column":4},"end":{"line":72,"column":7}},"19":{"start":{"line":81,"column":4},"end":{"line":84,"column":7}},"20":{"start":{"line":93,"column":4},"end":{"line":109,"column":5}},"21":{"start":{"line":94,"column":8},"end":{"line":94,"column":49}},"22":{"start":{"line":95,"column":25},"end":{"line":95,"column":81}},"23":{"start":{"line":97,"column":8},"end":{"line":99,"column":9}},"24":{"start":{"line":98,"column":12},"end":{"line":98,"column":88}},"25":{"start":{"line":101,"column":24},"end":{"line":101,"column":45}},"26":{"start":{"line":102,"column":8},"end":{"line":102,"column":23}},"27":{"start":{"line":104,"column":8},"end":{"line":104,"column":91}},"28":{"start":{"line":105,"column":8},"end":{"line":105,"column":42}},"29":{"start":{"line":106,"column":8},"end":{"line":106,"column":96}},"30":{"start":{"line":108,"column":8},"end":{"line":108,"column":22}},"31":{"start":{"line":118,"column":4},"end":{"line":121,"column":7}},"32":{"start":{"line":131,"column":4},"end":{"line":134,"column":7}},"33":{"start":{"line":143,"column":4},"end":{"line":145,"column":7}},"34":{"start":{"line":149,"column":0},"end":{"line":159,"column":2}}},"fnMap":{"0":{"name":"fetchWithErrorHandling","decl":{"start":{"line":15,"column":22},"end":{"line":15,"column":44}},"loc":{"start":{"line":15,"column":64},"end":{"line":44,"column":1}},"line":15},"1":{"name":"(anonymous_1)","decl":{"start":{"line":29,"column":58},"end":{"line":29,"column":59}},"loc":{"start":{"line":29,"column":65},"end":{"line":29,"column":67}},"line":29},"2":{"name":"fetchEtablissements","decl":{"start":{"line":50,"column":22},"end":{"line":50,"column":41}},"loc":{"start":{"line":50,"column":44},"end":{"line":52,"column":1}},"line":50},"3":{"name":"fetchVilles","decl":{"start":{"line":59,"column":22},"end":{"line":59,"column":33}},"loc":{"start":{"line":59,"column":41},"end":{"line":61,"column":1}},"line":59},"4":{"name":"checkEtablissementExists","decl":{"start":{"line":68,"column":22},"end":{"line":68,"column":46}},"loc":{"start":{"line":68,"column":52},"end":{"line":73,"column":1}},"line":68},"5":{"name":"extractAddressInfo","decl":{"start":{"line":80,"column":22},"end":{"line":80,"column":40}},"loc":{"start":{"line":80,"column":50},"end":{"line":85,"column":1}},"line":80},"6":{"name":"fetchInfowindowContent","decl":{"start":{"line":92,"column":22},"end":{"line":92,"column":44}},"loc":{"start":{"line":92,"column":53},"end":{"line":110,"column":1}},"line":92},"7":{"name":"submitEtablissement","decl":{"start":{"line":117,"column":22},"end":{"line":117,"column":41}},"loc":{"start":{"line":117,"column":61},"end":{"line":122,"column":1}},"line":117},"8":{"name":"updateEtablissement","decl":{"start":{"line":130,"column":22},"end":{"line":130,"column":41}},"loc":{"start":{"line":130,"column":62},"end":{"line":135,"column":1}},"line":130},"9":{"name":"deleteEtablissement","decl":{"start":{"line":142,"column":22},"end":{"line":142,"column":41}},"loc":{"start":{"line":142,"column":50},"end":{"line":146,"column":1}},"line":142}},"branchMap":{"0":{"loc":{"start":{"line":15,"column":50},"end":{"line":15,"column":62}},"type":"default-arg","locations":[{"start":{"line":15,"column":60},"end":{"line":15,"column":62}}],"line":15},"1":{"loc":{"start":{"line":28,"column":8},"end":{"line":32,"column":9}},"type":"if","locations":[{"start":{"line":28,"column":8},"end":{"line":32,"column":9}},{"start":{},"end":{}}],"line":28},"2":{"loc":{"start":{"line":30,"column":33},"end":{"line":30,"column":86}},"type":"binary-expr","locations":[{"start":{"line":30,"column":33},"end":{"line":30,"column":50}},{"start":{"line":30,"column":54},"end":{"line":30,"column":86}}],"line":30},"3":{"loc":{"start":{"line":97,"column":8},"end":{"line":99,"column":9}},"type":"if","locations":[{"start":{"line":97,"column":8},"end":{"line":99,"column":9}},{"start":{},"end":{}}],"line":97}},"s":{"0":9,"1":9,"2":9,"3":9,"4":8,"5":3,"6":0,"7":3,"8":3,"9":5,"10":4,"11":4,"12":5,"13":5,"14":5,"15":9,"16":2,"17":3,"18":0,"19":0,"20":0,"21":0,"22":0,"23":0,"24":0,"25":0,"26":0,"27":0,"28":0,"29":0,"30":0,"31":0,"32":0,"33":0,"34":2},"f":{"0":9,"1":0,"2":2,"3":3,"4":0,"5":0,"6":0,"7":0,"8":0,"9":0},"b":{"0":[9],"1":[3,5],"2":[3,3],"3":[0,0]},"_coverageSchema":"1a1c01bbd47fc00a2c39e90264f33305004495a9","hash":"8867f5ab822532aab3facfa365d29c5962df646d"}
,"/home/damien/PlanFlan/planflan2/app/static/js/autocomplete.js": {"path":"/home/damien/PlanFlan/planflan2/app/static/js/autocomplete.js","statementMap":{"0":{"start":{"line":16,"column":18},"end":{"line":16,"column":63}},"1":{"start":{"line":17,"column":29},"end":{"line":17,"column":76}},"2":{"start":{"line":18,"column":23},"end":{"line":18,"column":25}},"3":{"start":{"line":20,"column":4},"end":{"line":23,"column":5}},"4":{"start":{"line":21,"column":8},"end":{"line":21,"column":66}},"5":{"start":{"line":22,"column":8},"end":{"line":22,"column":21}},"6":{"start":{"line":25,"column":4},"end":{"line":25,"column":61}},"7":{"start":{"line":31,"column":28},"end":{"line":31,"column":73}},"8":{"start":{"line":32,"column":8},"end":{"line":37,"column":9}},"9":{"start":{"line":33,"column":12},"end":{"line":33,"column":67}},"10":{"start":{"line":34,"column":12},"end":{"line":34,"column":44}},"11":{"start":{"line":36,"column":12},"end":{"line":36,"column":57}},"12":{"start":{"line":45,"column":8},"end":{"line":45,"column":56}},"13":{"start":{"line":46,"column":8},"end":{"line":46,"column":40}},"14":{"start":{"line":48,"column":8},"end":{"line":55,"column":9}},"15":{"start":{"line":49,"column":30},"end":{"line":49,"column":59}},"16":{"start":{"line":50,"column":12},"end":{"line":50,"column":60}},"17":{"start":{"line":51,"column":12},"end":{"line":51,"column":92}},"18":{"start":{"line":52,"column":12},"end":{"line":52,"column":52}},"19":{"start":{"line":53,"column":12},"end":{"line":53,"column":51}},"20":{"start":{"line":54,"column":12},"end":{"line":54,"column":19}},"21":{"start":{"line":57,"column":8},"end":{"line":57,"column":52}},"22":{"start":{"line":58,"column":8},"end":{"line":116,"column":11}},"23":{"start":{"line":59,"column":24},"end":{"line":59,"column":53}},"24":{"start":{"line":60,"column":12},"end":{"line":60,"column":48}},"25":{"start":{"line":61,"column":12},"end":{"line":61,"column":36}},"26":{"start":{"line":62,"column":12},"end":{"line":114,"column":15}},"27":{"start":{"line":63,"column":16},"end":{"line":63,"column":36}},"28":{"start":{"line":64,"column":36},"end":{"line":64,"column":81}},"29":{"start":{"line":65,"column":16},"end":{"line":70,"column":17}},"30":{"start":{"line":66,"column":20},"end":{"line":66,"column":46}},"31":{"start":{"line":67,"column":20},"end":{"line":67,"column":90}},"32":{"start":{"line":69,"column":20},"end":{"line":69,"column":68}},"33":{"start":{"line":71,"column":16},"end":{"line":71,"column":58}},"34":{"start":{"line":74,"column":16},"end":{"line":113,"column":23}},"35":{"start":{"line":75,"column":38},"end":{"line":75,"column":53}},"36":{"start":{"line":77,"column":24},"end":{"line":90,"column":25}},"37":{"start":{"line":78,"column":42},"end":{"line":78,"column":60}},"38":{"start":{"line":79,"column":28},"end":{"line":89,"column":29}},"39":{"start":{"line":80,"column":44},"end":{"line":80,"column":64}},"40":{"start":{"line":81,"column":44},"end":{"line":81,"column":64}},"41":{"start":{"line":84,"column":32},"end":{"line":88,"column":33}},"42":{"start":{"line":85,"column":36},"end":{"line":85,"column":68}},"43":{"start":{"line":87,"column":36},"end":{"line":87,"column":118}},"44":{"start":{"line":93,"column":24},"end":{"line":102,"column":32}},"45":{"start":{"line":94,"column":41},"end":{"line":94,"column":71}},"46":{"start":{"line":95,"column":28},"end":{"line":101,"column":29}},"47":{"start":{"line":96,"column":32},"end":{"line":96,"column":104}},"48":{"start":{"line":97,"column":32},"end":{"line":97,"column":84}},"49":{"start":{"line":98,"column":32},"end":{"line":98,"column":46}},"50":{"start":{"line":100,"column":32},"end":{"line":100,"column":73}},"51":{"start":{"line":105,"column":24},"end":{"line":105,"column":100}},"52":{"start":{"line":107,"column":24},"end":{"line":112,"column":32}},"53":{"start":{"line":108,"column":41},"end":{"line":108,"column":71}},"54":{"start":{"line":109,"column":28},"end":{"line":111,"column":29}},"55":{"start":{"line":110,"column":32},"end":{"line":110,"column":46}},"56":{"start":{"line":115,"column":12},"end":{"line":115,"column":46}},"57":{"start":{"line":118,"column":8},"end":{"line":118,"column":47}},"58":{"start":{"line":119,"column":8},"end":{"line":119,"column":63}},"59":{"start":{"line":120,"column":8},"end":{"line":120,"column":78}},"60":{"start":{"line":121,"column":8},"end":{"line":121,"column":80}},"61":{"start":{"line":130,"column":8},"end":{"line":130,"column":61}},"62":{"start":{"line":132,"column":8},"end":{"line":136,"column":9}},"63":{"start":{"line":133,"column":12},"end":{"line":133,"column":59}},"64":{"start":{"line":134,"column":12},"end":{"line":134,"column":54}},"65":{"start":{"line":135,"column":12},"end":{"line":135,"column":19}},"66":{"start":{"line":138,"column":8},"end":{"line":163,"column":9}},"67":{"start":{"line":139,"column":12},"end":{"line":139,"column":55}},"68":{"start":{"line":140,"column":12},"end":{"line":140,"column":49}},"69":{"start":{"line":141,"column":29},"end":{"line":143,"column":13}},"70":{"start":{"line":144,"column":12},"end":{"line":144,"column":65}},"71":{"start":{"line":146,"column":12},"end":{"line":148,"column":13}},"72":{"start":{"line":147,"column":16},"end":{"line":147,"column":74}},"73":{"start":{"line":150,"column":27},"end":{"line":150,"column":48}},"74":{"start":{"line":151,"column":12},"end":{"line":151,"column":54}},"75":{"start":{"line":152,"column":12},"end":{"line":152,"column":26}},"76":{"start":{"line":153,"column":12},"end":{"line":153,"column":32}},"77":{"start":{"line":155,"column":12},"end":{"line":155,"column":79}},"78":{"start":{"line":156,"column":12},"end":{"line":156,"column":26}},"79":{"start":{"line":157,"column":12},"end":{"line":157,"column":44}},"80":{"start":{"line":158,"column":29},"end":{"line":158,"column":58}},"81":{"start":{"line":159,"column":12},"end":{"line":159,"column":59}},"82":{"start":{"line":160,"column":12},"end":{"line":160,"column":76}},"83":{"start":{"line":161,"column":12},"end":{"line":161,"column":51}},"84":{"start":{"line":162,"column":12},"end":{"line":162,"column":51}},"85":{"start":{"line":167,"column":27},"end":{"line":167,"column":48}},"86":{"start":{"line":168,"column":4},"end":{"line":178,"column":7}},"87":{"start":{"line":169,"column":8},"end":{"line":169,"column":52}},"88":{"start":{"line":172,"column":8},"end":{"line":172,"column":48}},"89":{"start":{"line":173,"column":8},"end":{"line":175,"column":16}},"90":{"start":{"line":174,"column":12},"end":{"line":174,"column":45}},"91":{"start":{"line":177,"column":8},"end":{"line":177,"column":39}},"92":{"start":{"line":181,"column":4},"end":{"line":184,"column":7}},"93":{"start":{"line":182,"column":8},"end":{"line":182,"column":66}},"94":{"start":{"line":183,"column":8},"end":{"line":183,"column":30}},"95":{"start":{"line":187,"column":4},"end":{"line":193,"column":7}},"96":{"start":{"line":188,"column":8},"end":{"line":188,"column":46}},"97":{"start":{"line":189,"column":8},"end":{"line":192,"column":9}},"98":{"start":{"line":190,"column":12},"end":{"line":190,"column":72}},"99":{"start":{"line":191,"column":12},"end":{"line":191,"column":34}},"100":{"start":{"line":196,"column":4},"end":{"line":200,"column":7}},"101":{"start":{"line":197,"column":8},"end":{"line":199,"column":9}},"102":{"start":{"line":198,"column":12},"end":{"line":198,"column":54}},"103":{"start":{"line":202,"column":4},"end":{"line":202,"column":51}},"104":{"start":{"line":204,"column":4},"end":{"line":204,"column":16}},"105":{"start":{"line":213,"column":4},"end":{"line":231,"column":7}},"106":{"start":{"line":215,"column":8},"end":{"line":230,"column":9}},"107":{"start":{"line":217,"column":27},"end":{"line":217,"column":59}},"108":{"start":{"line":218,"column":12},"end":{"line":218,"column":155}},"109":{"start":{"line":219,"column":12},"end":{"line":219,"column":32}},"110":{"start":{"line":220,"column":12},"end":{"line":220,"column":32}},"111":{"start":{"line":221,"column":12},"end":{"line":221,"column":87}},"112":{"start":{"line":221,"column":35},"end":{"line":221,"column":86}},"113":{"start":{"line":222,"column":12},"end":{"line":222,"column":46}},"114":{"start":{"line":225,"column":12},"end":{"line":227,"column":14}},"115":{"start":{"line":226,"column":16},"end":{"line":226,"column":73}},"116":{"start":{"line":229,"column":12},"end":{"line":229,"column":69}},"117":{"start":{"line":235,"column":4},"end":{"line":381,"column":5}},"118":{"start":{"line":236,"column":22},"end":{"line":236,"column":54}},"119":{"start":{"line":237,"column":8},"end":{"line":239,"column":9}},"120":{"start":{"line":238,"column":12},"end":{"line":238,"column":65}},"121":{"start":{"line":241,"column":29},"end":{"line":244,"column":10}},"122":{"start":{"line":246,"column":8},"end":{"line":374,"column":11}},"123":{"start":{"line":247,"column":12},"end":{"line":247,"column":55}},"124":{"start":{"line":248,"column":26},"end":{"line":248,"column":49}},"125":{"start":{"line":249,"column":12},"end":{"line":249,"column":48}},"126":{"start":{"line":251,"column":12},"end":{"line":257,"column":13}},"127":{"start":{"line":252,"column":16},"end":{"line":254,"column":18}},"128":{"start":{"line":255,"column":16},"end":{"line":255,"column":101}},"129":{"start":{"line":256,"column":16},"end":{"line":256,"column":23}},"130":{"start":{"line":259,"column":12},"end":{"line":259,"column":50}},"131":{"start":{"line":260,"column":12},"end":{"line":260,"column":53}},"132":{"start":{"line":261,"column":12},"end":{"line":261,"column":51}},"133":{"start":{"line":264,"column":12},"end":{"line":264,"column":79}},"134":{"start":{"line":265,"column":12},"end":{"line":266,"column":46}},"135":{"start":{"line":267,"column":12},"end":{"line":268,"column":46}},"136":{"start":{"line":269,"column":12},"end":{"line":270,"column":46}},"137":{"start":{"line":271,"column":12},"end":{"line":272,"column":37}},"138":{"start":{"line":275,"column":12},"end":{"line":278,"column":14}},"139":{"start":{"line":279,"column":12},"end":{"line":282,"column":14}},"140":{"start":{"line":285,"column":12},"end":{"line":285,"column":54}},"141":{"start":{"line":286,"column":12},"end":{"line":286,"column":83}},"142":{"start":{"line":287,"column":12},"end":{"line":290,"column":14}},"143":{"start":{"line":291,"column":12},"end":{"line":294,"column":14}},"144":{"start":{"line":295,"column":12},"end":{"line":298,"column":14}},"145":{"start":{"line":299,"column":12},"end":{"line":299,"column":53}},"146":{"start":{"line":302,"column":12},"end":{"line":373,"column":19}},"147":{"start":{"line":312,"column":20},"end":{"line":315,"column":21}},"148":{"start":{"line":313,"column":42},"end":{"line":313,"column":63}},"149":{"start":{"line":314,"column":24},"end":{"line":314,"column":72}},"150":{"start":{"line":316,"column":20},"end":{"line":316,"column":43}},"151":{"start":{"line":319,"column":20},"end":{"line":323,"column":21}},"152":{"start":{"line":320,"column":24},"end":{"line":320,"column":61}},"153":{"start":{"line":321,"column":24},"end":{"line":321,"column":55}},"154":{"start":{"line":322,"column":24},"end":{"line":322,"column":31}},"155":{"start":{"line":324,"column":20},"end":{"line":335,"column":21}},"156":{"start":{"line":325,"column":49},"end":{"line":325,"column":57}},"157":{"start":{"line":326,"column":48},"end":{"line":326,"column":60}},"158":{"start":{"line":327,"column":24},"end":{"line":327,"column":84}},"159":{"start":{"line":329,"column":28},"end":{"line":329,"column":71}},"160":{"start":{"line":330,"column":24},"end":{"line":330,"column":72}},"161":{"start":{"line":330,"column":58},"end":{"line":330,"column":70}},"162":{"start":{"line":331,"column":40},"end":{"line":331,"column":69}},"163":{"start":{"line":332,"column":24},"end":{"line":332,"column":66}},"164":{"start":{"line":333,"column":24},"end":{"line":333,"column":100}},"165":{"start":{"line":334,"column":24},"end":{"line":334,"column":83}},"166":{"start":{"line":338,"column":20},"end":{"line":368,"column":27}},"167":{"start":{"line":347,"column":44},"end":{"line":347,"column":59}},"168":{"start":{"line":349,"column":28},"end":{"line":350,"column":55}},"169":{"start":{"line":351,"column":28},"end":{"line":352,"column":49}},"170":{"start":{"line":353,"column":28},"end":{"line":354,"column":60}},"171":{"start":{"line":357,"column":28},"end":{"line":363,"column":29}},"172":{"start":{"line":358,"column":32},"end":{"line":362,"column":34}},"173":{"start":{"line":366,"column":28},"end":{"line":366,"column":60}},"174":{"start":{"line":367,"column":28},"end":{"line":367,"column":62}},"175":{"start":{"line":371,"column":20},"end":{"line":371,"column":52}},"176":{"start":{"line":372,"column":20},"end":{"line":372,"column":54}},"177":{"start":{"line":376,"column":8},"end":{"line":376,"column":30}},"178":{"start":{"line":378,"column":8},"end":{"line":378,"column":83}},"179":{"start":{"line":379,"column":8},"end":{"line":379,"column":42}},"180":{"start":{"line":380,"column":8},"end":{"line":380,"column":22}},"181":{"start":{"line":391,"column":4},"end":{"line":391,"column":51}},"182":{"start":{"line":394,"column":4},"end":{"line":437,"column":5}},"183":{"start":{"line":395,"column":8},"end":{"line":395,"column":45}},"184":{"start":{"line":396,"column":8},"end":{"line":396,"column":51}},"185":{"start":{"line":397,"column":8},"end":{"line":397,"column":31}},"186":{"start":{"line":400,"column":8},"end":{"line":402,"column":9}},"187":{"start":{"line":401,"column":12},"end":{"line":401,"column":39}},"188":{"start":{"line":403,"column":8},"end":{"line":407,"column":11}},"189":{"start":{"line":410,"column":27},"end":{"line":410,"column":89}},"190":{"start":{"line":411,"column":8},"end":{"line":418,"column":9}},"191":{"start":{"line":412,"column":29},"end":{"line":412,"column":79}},"192":{"start":{"line":413,"column":29},"end":{"line":413,"column":80}},"193":{"start":{"line":414,"column":12},"end":{"line":417,"column":13}},"194":{"start":{"line":415,"column":16},"end":{"line":415,"column":37}},"195":{"start":{"line":416,"column":16},"end":{"line":416,"column":37}},"196":{"start":{"line":421,"column":9},"end":{"line":437,"column":5}},"197":{"start":{"line":422,"column":8},"end":{"line":422,"column":41}},"198":{"start":{"line":423,"column":8},"end":{"line":423,"column":43}},"199":{"start":{"line":426,"column":8},"end":{"line":428,"column":9}},"200":{"start":{"line":427,"column":12},"end":{"line":427,"column":50}},"201":{"start":{"line":429,"column":8},"end":{"line":431,"column":25}},"202":{"start":{"line":435,"column":8},"end":{"line":435,"column":86}},"203":{"start":{"line":436,"column":8},"end":{"line":436,"column":68}},"204":{"start":{"line":441,"column":0},"end":{"line":445,"column":2}}},"fnMap":{"0":{"name":"initAutocomplete","decl":{"start":{"line":15,"column":16},"end":{"line":15,"column":32}},"loc":{"start":{"line":15,"column":47},"end":{"line":205,"column":1}},"line":15},"1":{"name":"syncWithHiddenField","decl":{"start":{"line":30,"column":13},"end":{"line":30,"column":32}},"loc":{"start":{"line":30,"column":35},"end":{"line":38,"column":5}},"line":30},"2":{"name":"showResults","decl":{"start":{"line":44,"column":13},"end":{"line":44,"column":24}},"loc":{"start":{"line":44,"column":33},"end":{"line":122,"column":5}},"line":44},"3":{"name":"(anonymous_3)","decl":{"start":{"line":58,"column":23},"end":{"line":58,"column":24}},"loc":{"start":{"line":58,"column":34},"end":{"line":116,"column":9}},"line":58},"4":{"name":"(anonymous_4)","decl":{"start":{"line":62,"column":42},"end":{"line":62,"column":43}},"loc":{"start":{"line":62,"column":54},"end":{"line":114,"column":13}},"line":62},"5":{"name":"(anonymous_5)","decl":{"start":{"line":75,"column":26},"end":{"line":75,"column":27}},"loc":{"start":{"line":75,"column":38},"end":{"line":75,"column":53}},"line":75},"6":{"name":"(anonymous_6)","decl":{"start":{"line":76,"column":26},"end":{"line":76,"column":27}},"loc":{"start":{"line":76,"column":34},"end":{"line":103,"column":21}},"line":76},"7":{"name":"(anonymous_7)","decl":{"start":{"line":93,"column":35},"end":{"line":93,"column":36}},"loc":{"start":{"line":93,"column":41},"end":{"line":102,"column":25}},"line":93},"8":{"name":"(anonymous_8)","decl":{"start":{"line":104,"column":27},"end":{"line":104,"column":28}},"loc":{"start":{"line":104,"column":36},"end":{"line":113,"column":21}},"line":104},"9":{"name":"(anonymous_9)","decl":{"start":{"line":107,"column":35},"end":{"line":107,"column":36}},"loc":{"start":{"line":107,"column":41},"end":{"line":112,"column":25}},"line":107},"10":{"name":"fetchVilles","decl":{"start":{"line":129,"column":19},"end":{"line":129,"column":30}},"loc":{"start":{"line":129,"column":38},"end":{"line":164,"column":5}},"line":129},"11":{"name":"(anonymous_11)","decl":{"start":{"line":168,"column":36},"end":{"line":168,"column":37}},"loc":{"start":{"line":168,"column":49},"end":{"line":178,"column":5}},"line":168},"12":{"name":"(anonymous_12)","decl":{"start":{"line":173,"column":19},"end":{"line":173,"column":20}},"loc":{"start":{"line":173,"column":25},"end":{"line":175,"column":9}},"line":173},"13":{"name":"(anonymous_13)","decl":{"start":{"line":181,"column":36},"end":{"line":181,"column":37}},"loc":{"start":{"line":181,"column":49},"end":{"line":184,"column":5}},"line":181},"14":{"name":"(anonymous_14)","decl":{"start":{"line":187,"column":38},"end":{"line":187,"column":39}},"loc":{"start":{"line":187,"column":51},"end":{"line":193,"column":5}},"line":187},"15":{"name":"(anonymous_15)","decl":{"start":{"line":196,"column":39},"end":{"line":196,"column":40}},"loc":{"start":{"line":196,"column":52},"end":{"line":200,"column":5}},"line":196},"16":{"name":"initGooglePlacesAutocomplete","decl":{"start":{"line":212,"column":16},"end":{"line":212,"column":44}},"loc":{"start":{"line":212,"column":62},"end":{"line":232,"column":1}},"line":212},"17":{"name":"(anonymous_17)","decl":{"start":{"line":213,"column":23},"end":{"line":213,"column":24}},"loc":{"start":{"line":213,"column":44},"end":{"line":231,"column":5}},"line":213},"18":{"name":"(anonymous_18)","decl":{"start":{"line":221,"column":29},"end":{"line":221,"column":30}},"loc":{"start":{"line":221,"column":35},"end":{"line":221,"column":86}},"line":221},"19":{"name":"(anonymous_19)","decl":{"start":{"line":225,"column":46},"end":{"line":225,"column":47}},"loc":{"start":{"line":225,"column":52},"end":{"line":227,"column":13}},"line":225},"20":{"name":"initializeAutocomplete","decl":{"start":{"line":234,"column":9},"end":{"line":234,"column":31}},"loc":{"start":{"line":234,"column":66},"end":{"line":382,"column":1}},"line":234},"21":{"name":"(anonymous_21)","decl":{"start":{"line":246,"column":50},"end":{"line":246,"column":51}},"loc":{"start":{"line":246,"column":62},"end":{"line":374,"column":9}},"line":246},"22":{"name":"(anonymous_22)","decl":{"start":{"line":311,"column":22},"end":{"line":311,"column":23}},"loc":{"start":{"line":311,"column":42},"end":{"line":317,"column":17}},"line":311},"23":{"name":"(anonymous_23)","decl":{"start":{"line":318,"column":22},"end":{"line":318,"column":23}},"loc":{"start":{"line":318,"column":32},"end":{"line":369,"column":17}},"line":318},"24":{"name":"(anonymous_24)","decl":{"start":{"line":330,"column":49},"end":{"line":330,"column":50}},"loc":{"start":{"line":330,"column":58},"end":{"line":330,"column":70}},"line":330},"25":{"name":"(anonymous_25)","decl":{"start":{"line":347,"column":30},"end":{"line":347,"column":31}},"loc":{"start":{"line":347,"column":44},"end":{"line":347,"column":59}},"line":347},"26":{"name":"(anonymous_26)","decl":{"start":{"line":348,"column":30},"end":{"line":348,"column":31}},"loc":{"start":{"line":348,"column":40},"end":{"line":364,"column":25}},"line":348},"27":{"name":"(anonymous_27)","decl":{"start":{"line":365,"column":31},"end":{"line":365,"column":32}},"loc":{"start":{"line":365,"column":42},"end":{"line":368,"column":25}},"line":365},"28":{"name":"(anonymous_28)","decl":{"start":{"line":370,"column":23},"end":{"line":370,"column":24}},"loc":{"start":{"line":370,"column":34},"end":{"line":373,"column":17}},"line":370},"29":{"name":"zoomToLocation","decl":{"start":{"line":390,"column":16},"end":{"line":390,"column":30}},"loc":{"start":{"line":390,"column":52},"end":{"line":438,"column":1}},"line":390}},"branchMap":{"0":{"loc":{"start":{"line":15,"column":33},"end":{"line":15,"column":45}},"type":"default-arg","locations":[{"start":{"line":15,"column":43},"end":{"line":15,"column":45}}],"line":15},"1":{"loc":{"start":{"line":20,"column":4},"end":{"line":23,"column":5}},"type":"if","locations":[{"start":{"line":20,"column":4},"end":{"line":23,"column":5}},{"start":{},"end":{}}],"line":20},"2":{"loc":{"start":{"line":20,"column":8},"end":{"line":20,"column":35}},"type":"binary-expr","locations":[{"start":{"line":20,"column":8},"end":{"line":20,"column":14}},{"start":{"line":20,"column":18},"end":{"line":20,"column":35}}],"line":20},"3":{"loc":{"start":{"line":32,"column":8},"end":{"line":37,"column":9}},"type":"if","locations":[{"start":{"line":32,"column":8},"end":{"line":37,"column":9}},{"start":{"line":35,"column":15},"end":{"line":37,"column":9}}],"line":32},"4":{"loc":{"start":{"line":48,"column":8},"end":{"line":55,"column":9}},"type":"if","locations":[{"start":{"line":48,"column":8},"end":{"line":55,"column":9}},{"start":{},"end":{}}],"line":48},"5":{"loc":{"start":{"line":65,"column":16},"end":{"line":70,"column":17}},"type":"if","locations":[{"start":{"line":65,"column":16},"end":{"line":70,"column":17}},{"start":{"line":68,"column":23},"end":{"line":70,"column":17}}],"line":65},"6":{"loc":{"start":{"line":77,"column":24},"end":{"line":90,"column":25}},"type":"if","locations":[{"start":{"line":77,"column":24},"end":{"line":90,"column":25}},{"start":{},"end":{}}],"line":77},"7":{"loc":{"start":{"line":79,"column":28},"end":{"line":89,"column":29}},"type":"if","locations":[{"start":{"line":79,"column":28},"end":{"line":89,"column":29}},{"start":{},"end":{}}],"line":79},"8":{"loc":{"start":{"line":84,"column":32},"end":{"line":88,"column":33}},"type":"if","locations":[{"start":{"line":84,"column":32},"end":{"line":88,"column":33}},{"start":{"line":86,"column":39},"end":{"line":88,"column":33}}],"line":84},"9":{"loc":{"start":{"line":95,"column":28},"end":{"line":101,"column":29}},"type":"if","locations":[{"start":{"line":95,"column":28},"end":{"line":101,"column":29}},{"start":{"line":99,"column":35},"end":{"line":101,"column":29}}],"line":95},"10":{"loc":{"start":{"line":109,"column":28},"end":{"line":111,"column":29}},"type":"if","locations":[{"start":{"line":109,"column":28},"end":{"line":111,"column":29}},{"start":{},"end":{}}],"line":109},"11":{"loc":{"start":{"line":132,"column":8},"end":{"line":136,"column":9}},"type":"if","locations":[{"start":{"line":132,"column":8},"end":{"line":136,"column":9}},{"start":{},"end":{}}],"line":132},"12":{"loc":{"start":{"line":146,"column":12},"end":{"line":148,"column":13}},"type":"if","locations":[{"start":{"line":146,"column":12},"end":{"line":148,"column":13}},{"start":{},"end":{}}],"line":146},"13":{"loc":{"start":{"line":189,"column":8},"end":{"line":192,"column":9}},"type":"if","locations":[{"start":{"line":189,"column":8},"end":{"line":192,"column":9}},{"start":{},"end":{}}],"line":189},"14":{"loc":{"start":{"line":197,"column":8},"end":{"line":199,"column":9}},"type":"if","locations":[{"start":{"line":197,"column":8},"end":{"line":199,"column":9}},{"start":{},"end":{}}],"line":197},"15":{"loc":{"start":{"line":215,"column":8},"end":{"line":230,"column":9}},"type":"if","locations":[{"start":{"line":215,"column":8},"end":{"line":230,"column":9}},{"start":{"line":228,"column":15},"end":{"line":230,"column":9}}],"line":215},"16":{"loc":{"start":{"line":215,"column":12},"end":{"line":215,"column":80}},"type":"binary-expr","locations":[{"start":{"line":215,"column":12},"end":{"line":215,"column":41}},{"start":{"line":215,"column":45},"end":{"line":215,"column":57}},{"start":{"line":215,"column":61},"end":{"line":215,"column":80}}],"line":215},"17":{"loc":{"start":{"line":237,"column":8},"end":{"line":239,"column":9}},"type":"if","locations":[{"start":{"line":237,"column":8},"end":{"line":239,"column":9}},{"start":{},"end":{}}],"line":237},"18":{"loc":{"start":{"line":251,"column":12},"end":{"line":257,"column":13}},"type":"if","locations":[{"start":{"line":251,"column":12},"end":{"line":257,"column":13}},{"start":{},"end":{}}],"line":251},"19":{"loc":{"start":{"line":264,"column":62},"end":{"line":264,"column":78}},"type":"binary-expr","locations":[{"start":{"line":264,"column":62},"end":{"line":264,"column":72}},{"start":{"line":264,"column":76},"end":{"line":264,"column":78}}],"line":264},"20":{"loc":{"start":{"line":266,"column":16},"end":{"line":266,"column":45}},"type":"binary-expr","locations":[{"start":{"line":266,"column":16},"end":{"line":266,"column":39}},{"start":{"line":266,"column":43},"end":{"line":266,"column":45}}],"line":266},"21":{"loc":{"start":{"line":272,"column":16},"end":{"line":272,"column":36}},"type":"binary-expr","locations":[{"start":{"line":272,"column":16},"end":{"line":272,"column":30}},{"start":{"line":272,"column":34},"end":{"line":272,"column":36}}],"line":272},"22":{"loc":{"start":{"line":312,"column":20},"end":{"line":315,"column":21}},"type":"if","locations":[{"start":{"line":312,"column":20},"end":{"line":315,"column":21}},{"start":{},"end":{}}],"line":312},"23":{"loc":{"start":{"line":319,"column":20},"end":{"line":323,"column":21}},"type":"if","locations":[{"start":{"line":319,"column":20},"end":{"line":323,"column":21}},{"start":{},"end":{}}],"line":319},"24":{"loc":{"start":{"line":324,"column":20},"end":{"line":335,"column":21}},"type":"if","locations":[{"start":{"line":324,"column":20},"end":{"line":335,"column":21}},{"start":{},"end":{}}],"line":324},"25":{"loc":{"start":{"line":350,"column":32},"end":{"line":350,"column":54}},"type":"binary-expr","locations":[{"start":{"line":350,"column":32},"end":{"line":350,"column":48}},{"start":{"line":350,"column":52},"end":{"line":350,"column":54}}],"line":350},"26":{"loc":{"start":{"line":352,"column":32},"end":{"line":352,"column":48}},"type":"binary-expr","locations":[{"start":{"line":352,"column":32},"end":{"line":352,"column":42}},{"start":{"line":352,"column":46},"end":{"line":352,"column":48}}],"line":352},"27":{"loc":{"start":{"line":354,"column":32},"end":{"line":354,"column":59}},"type":"binary-expr","locations":[{"start":{"line":354,"column":32},"end":{"line":354,"column":53}},{"start":{"line":354,"column":57},"end":{"line":354,"column":59}}],"line":354},"28":{"loc":{"start":{"line":357,"column":28},"end":{"line":363,"column":29}},"type":"if","locations":[{"start":{"line":357,"column":28},"end":{"line":363,"column":29}},{"start":{},"end":{}}],"line":357},"29":{"loc":{"start":{"line":394,"column":4},"end":{"line":437,"column":5}},"type":"if","locations":[{"start":{"line":394,"column":4},"end":{"line":437,"column":5}},{"start":{"line":421,"column":9},"end":{"line":437,"column":5}}],"line":394},"30":{"loc":{"start":{"line":394,"column":8},"end":{"line":394,"column":66}},"type":"binary-expr","locations":[{"start":{"line":394,"column":8},"end":{"line":394,"column":37}},{"start":{"line":394,"column":41},"end":{"line":394,"column":52}},{"start":{"line":394,"column":56},"end":{"line":394,"column":66}}],"line":394},"31":{"loc":{"start":{"line":400,"column":8},"end":{"line":402,"column":9}},"type":"if","locations":[{"start":{"line":400,"column":8},"end":{"line":402,"column":9}},{"start":{},"end":{}}],"line":400},"32":{"loc":{"start":{"line":411,"column":8},"end":{"line":418,"column":9}},"type":"if","locations":[{"start":{"line":411,"column":8},"end":{"line":418,"column":9}},{"start":{},"end":{}}],"line":411},"33":{"loc":{"start":{"line":414,"column":12},"end":{"line":417,"column":13}},"type":"if","locations":[{"start":{"line":414,"column":12},"end":{"line":417,"column":13}},{"start":{},"end":{}}],"line":414},"34":{"loc":{"start":{"line":414,"column":16},"end":{"line":414,"column":36}},"type":"binary-expr","locations":[{"start":{"line":414,"column":16},"end":{"line":414,"column":24}},{"start":{"line":414,"column":28},"end":{"line":414,"column":36}}],"line":414},"35":{"loc":{"start":{"line":421,"column":9},"end":{"line":437,"column":5}},"type":"if","locations":[{"start":{"line":421,"column":9},"end":{"line":437,"column":5}},{"start":{"line":434,"column":9},"end":{"line":437,"column":5}}],"line":421},"36":{"loc":{"start":{"line":421,"column":13},"end":{"line":421,"column":51}},"type":"binary-expr","locations":[{"start":{"line":421,"column":13},"end":{"line":421,"column":37}},{"start":{"line":421,"column":41},"end":{"line":421,"column":51}}],"line":421},"37":{"loc":{"start":{"line":426,"column":8},"end":{"line":428,"column":9}},"type":"if","locations":[{"start":{"line":426,"column":8},"end":{"line":428,"column":9}},{"start":{},"end":{}}],"line":426}},"s":{"0":9,"1":9,"2":9,"3":9,"4":2,"5":2,"6":7,"7":4,"8":4,"9":4,"10":4,"11":0,"12":3,"13":3,"14":3,"15":0,"16":0,"17":0,"18":0,"19":0,"20":0,"21":3,"22":3,"23":4,"24":4,"25":4,"26":4,"27":1,"28":1,"29":1,"30":1,"31":1,"32":0,"33":1,"34":1,"35":1,"36":1,"37":1,"38":1,"39":1,"40":1,"41":1,"42":1,"43":0,"44":1,"45":1,"46":1,"47":1,"48":1,"49":1,"50":0,"51":0,"52":0,"53":0,"54":0,"55":0,"56":4,"57":3,"58":3,"59":3,"60":3,"61":4,"62":4,"63":0,"64":0,"65":0,"66":4,"67":4,"68":4,"69":4,"70":4,"71":4,"72":1,"73":3,"74":3,"75":3,"76":3,"77":1,"78":1,"79":1,"80":1,"81":1,"82":1,"83":1,"84":1,"85":7,"86":7,"87":4,"88":4,"89":4,"90":4,"91":4,"92":7,"93":4,"94":4,"95":7,"96":0,"97":0,"98":0,"99":0,"100":7,"101":0,"102":0,"103":7,"104":7,"105":0,"106":0,"107":0,"108":0,"109":0,"110":0,"111":0,"112":0,"113":0,"114":0,"115":0,"116":0,"117":0,"118":0,"119":0,"120":0,"121":0,"122":0,"123":0,"124":0,"125":0,"126":0,"127":0,"128":0,"129":0,"130":0,"131":0,"132":0,"133":0,"134":0,"135":0,"136":0,"137":0,"138":0,"139":0,"140":0,"141":0,"142":0,"143":0,"144":0,"145":0,"146":0,"147":0,"148":0,"149":0,"150":0,"151":0,"152":0,"153":0,"154":0,"155":0,"156":0,"157":0,"158":0,"159":0,"160":0,"161":0,"162":0,"163":0,"164":0,"165":0,"166":0,"167":0,"168":0,"169":0,"170":0,"171":0,"172":0,"173":0,"174":0,"175":0,"176":0,"177":0,"178":0,"179":0,"180":0,"181":1,"182":1,"183":0,"184":0,"185":0,"186":0,"187":0,"188":0,"189":0,"190":0,"191":0,"192":0,"193":0,"194":0,"195":0,"196":1,"197":0,"198":0,"199":0,"200":0,"201":0,"202":1,"203":1,"204":2},"f":{"0":9,"1":4,"2":3,"3":4,"4":1,"5":1,"6":1,"7":1,"8":0,"9":0,"10":4,"11":4,"12":4,"13":4,"14":0,"15":0,"16":0,"17":0,"18":0,"19":0,"20":0,"21":0,"22":0,"23":0,"24":0,"25":0,"26":0,"27":0,"28":0,"29":1},"b":{"0":[9],"1":[2,7],"2":[9,7],"3":[4,0],"4":[0,3],"5":[1,0],"6":[1,0],"7":[1,0],"8":[1,0],"9":[1,0],"10":[0,0],"11":[0,4],"12":[1,3],"13":[0,0],"14":[0,0],"15":[0,0],"16":[0,0,0],"17":[0,0],"18":[0,0],"19":[0,0],"20":[0,0],"21":[0,0],"22":[0,0],"23":[0,0],"24":[0,0],"25":[0,0],"26":[0,0],"27":[0,0],"28":[0,0],"29":[0,1],"30":[1,0,0],"31":[0,0],"32":[0,0],"33":[0,0],"34":[0,0],"35":[0,1],"36":[1,0],"37":[0,0]},"_coverageSchema":"1a1c01bbd47fc00a2c39e90264f33305004495a9","hash":"0325ab293a9fe7b09f7bda2ad010d42ccea95942"}
,"/home/damien/PlanFlan/planflan2/app/static/js/base.js": {"path":"/home/damien/PlanFlan/planflan2/app/static/js/base.js","statementMap":{"0":{"start":{"line":8,"column":19},"end":{"line":8,"column":36}},"1":{"start":{"line":11,"column":4},"end":{"line":21,"column":5}},"2":{"start":{"line":12,"column":8},"end":{"line":16,"column":9}},"3":{"start":{"line":13,"column":12},"end":{"line":13,"column":34}},"4":{"start":{"line":15,"column":12},"end":{"line":15,"column":47}},"5":{"start":{"line":20,"column":8},"end":{"line":20,"column":43}},"6":{"start":{"line":25,"column":0},"end":{"line":39,"column":3}},"7":{"start":{"line":26,"column":25},"end":{"line":26,"column":65}},"8":{"start":{"line":27,"column":4},"end":{"line":38,"column":5}},"9":{"start":{"line":28,"column":8},"end":{"line":37,"column":11}},"10":{"start":{"line":29,"column":32},"end":{"line":29,"column":71}},"11":{"start":{"line":30,"column":25},"end":{"line":30,"column":53}},"12":{"start":{"line":33,"column":12},"end":{"line":36,"column":13}},"13":{"start":{"line":34,"column":16},"end":{"line":34,"column":39}},"14":{"start":{"line":35,"column":16},"end":{"line":35,"column":53}}},"fnMap":{"0":{"name":"goBackOrRedirect","decl":{"start":{"line":6,"column":9},"end":{"line":6,"column":25}},"loc":{"start":{"line":6,"column":39},"end":{"line":22,"column":1}},"line":6},"1":{"name":"(anonymous_1)","decl":{"start":{"line":25,"column":46},"end":{"line":25,"column":47}},"loc":{"start":{"line":25,"column":57},"end":{"line":39,"column":1}},"line":25},"2":{"name":"(anonymous_2)","decl":{"start":{"line":28,"column":47},"end":{"line":28,"column":48}},"loc":{"start":{"line":28,"column":63},"end":{"line":37,"column":9}},"line":28}},"branchMap":{"0":{"loc":{"start":{"line":11,"column":4},"end":{"line":21,"column":5}},"type":"if","locations":[{"start":{"line":11,"column":4},"end":{"line":21,"column":5}},{"start":{"line":17,"column":11},"end":{"line":21,"column":5}}],"line":11},"1":{"loc":{"start":{"line":11,"column":8},"end":{"line":11,"column":59}},"type":"binary-expr","locations":[{"start":{"line":11,"column":8},"end":{"line":11,"column":16}},{"start":{"line":11,"column":20},"end":{"line":11,"column":59}}],"line":11},"2":{"loc":{"start":{"line":27,"column":4},"end":{"line":38,"column":5}},"type":"if","locations":[{"start":{"line":27,"column":4},"end":{"line":38,"column":5}},{"start":{},"end":{}}],"line":27},"3":{"loc":{"start":{"line":33,"column":12},"end":{"line":36,"column":13}},"type":"if","locations":[{"start":{"line":33,"column":12},"end":{"line":36,"column":13}},{"start":{},"end":{}}],"line":33}},"s":{"0":0,"1":0,"2":0,"3":0,"4":0,"5":0,"6":0,"7":0,"8":0,"9":0,"10":0,"11":0,"12":0,"13":0,"14":0},"f":{"0":0,"1":0,"2":0},"b":{"0":[0,0],"1":[0,0],"2":[0,0],"3":[0,0]}}
,"/home/damien/PlanFlan/planflan2/app/static/js/dashboard.js": {"path":"/home/damien/PlanFlan/planflan2/app/static/js/dashboard.js","statementMap":{"0":{"start":{"line":5,"column":4},"end":{"line":5,"column":78}},"1":{"start":{"line":6,"column":4},"end":{"line":6,"column":55}},"2":{"start":{"line":14,"column":4},"end":{"line":14,"column":77}},"3":{"start":{"line":16,"column":16},"end":{"line":16,"column":45}},"4":{"start":{"line":17,"column":4},"end":{"line":17,"column":37}},"5":{"start":{"line":18,"column":4},"end":{"line":18,"column":45}},"6":{"start":{"line":22,"column":0},"end":{"line":26,"column":3}},"7":{"start":{"line":23,"column":4},"end":{"line":25,"column":5}},"8":{"start":{"line":24,"column":8},"end":{"line":24,"column":32}},"9":{"start":{"line":33,"column":20},"end":{"line":33,"column":54}},"10":{"start":{"line":34,"column":4},"end":{"line":38,"column":5}},"11":{"start":{"line":35,"column":8},"end":{"line":35,"column":40}},"12":{"start":{"line":37,"column":8},"end":{"line":37,"column":39}},"13":{"start":{"line":42,"column":0},"end":{"line":47,"column":7}},"14":{"start":{"line":45,"column":8},"end":{"line":45,"column":68}},"15":{"start":{"line":46,"column":8},"end":{"line":46,"column":77}},"16":{"start":{"line":48,"column":0},"end":{"line":53,"column":7}},"17":{"start":{"line":51,"column":8},"end":{"line":51,"column":69}},"18":{"start":{"line":52,"column":8},"end":{"line":52,"column":76}}},"fnMap":{"0":{"name":"showDeleteAccountForm","decl":{"start":{"line":4,"column":9},"end":{"line":4,"column":30}},"loc":{"start":{"line":4,"column":33},"end":{"line":7,"column":1}},"line":4},"1":{"name":"cancelDeleteAccount","decl":{"start":{"line":13,"column":9},"end":{"line":13,"column":28}},"loc":{"start":{"line":13,"column":31},"end":{"line":19,"column":1}},"line":13},"2":{"name":"(anonymous_2)","decl":{"start":{"line":22,"column":46},"end":{"line":22,"column":47}},"loc":{"start":{"line":22,"column":58},"end":{"line":26,"column":1}},"line":22},"3":{"name":"toggleSection","decl":{"start":{"line":32,"column":9},"end":{"line":32,"column":22}},"loc":{"start":{"line":32,"column":34},"end":{"line":39,"column":1}},"line":32},"4":{"name":"(anonymous_4)","decl":{"start":{"line":44,"column":31},"end":{"line":44,"column":32}},"loc":{"start":{"line":44,"column":43},"end":{"line":47,"column":5}},"line":44},"5":{"name":"(anonymous_5)","decl":{"start":{"line":50,"column":31},"end":{"line":50,"column":32}},"loc":{"start":{"line":50,"column":43},"end":{"line":53,"column":5}},"line":50}},"branchMap":{"0":{"loc":{"start":{"line":23,"column":4},"end":{"line":25,"column":5}},"type":"if","locations":[{"start":{"line":23,"column":4},"end":{"line":25,"column":5}},{"start":{},"end":{}}],"line":23},"1":{"loc":{"start":{"line":34,"column":4},"end":{"line":38,"column":5}},"type":"if","locations":[{"start":{"line":34,"column":4},"end":{"line":38,"column":5}},{"start":{"line":36,"column":11},"end":{"line":38,"column":5}}],"line":34}},"s":{"0":0,"1":0,"2":0,"3":0,"4":0,"5":0,"6":9,"7":0,"8":0,"9":0,"10":0,"11":0,"12":0,"13":9,"14":0,"15":0,"16":9,"17":0,"18":0},"f":{"0":0,"1":0,"2":0,"3":0,"4":0,"5":0},"b":{"0":[0,0],"1":[0,0]},"_coverageSchema":"1a1c01bbd47fc00a2c39e90264f33305004495a9","hash":"3012f261008fe2b8c49915cca37ee38d5cbe00ac"}
,"/home/damien/PlanFlan/planflan2/app/static/js/filters.js": {"path":"/home/damien/PlanFlan/planflan2/app/static/js/filters.js","statementMap":{"0":{"start":{"line":11,"column":20},"end":{"line":17,"column":1}},"1":{"start":{"line":25,"column":4},"end":{"line":25,"column":39}},"2":{"start":{"line":27,"column":4},"end":{"line":27,"column":23}},"3":{"start":{"line":28,"column":4},"end":{"line":28,"column":44}},"4":{"start":{"line":29,"column":4},"end":{"line":29,"column":43}},"5":{"start":{"line":36,"column":24},"end":{"line":42,"column":5}},"6":{"start":{"line":44,"column":4},"end":{"line":58,"column":7}},"7":{"start":{"line":45,"column":23},"end":{"line":45,"column":56}},"8":{"start":{"line":46,"column":8},"end":{"line":57,"column":9}},"9":{"start":{"line":47,"column":12},"end":{"line":56,"column":15}},"10":{"start":{"line":48,"column":33},"end":{"line":48,"column":69}},"11":{"start":{"line":49,"column":16},"end":{"line":49,"column":70}},"12":{"start":{"line":51,"column":16},"end":{"line":51,"column":46}},"13":{"start":{"line":52,"column":16},"end":{"line":52,"column":51}},"14":{"start":{"line":55,"column":16},"end":{"line":55,"column":41}},"15":{"start":{"line":65,"column":26},"end":{"line":72,"column":5}},"16":{"start":{"line":74,"column":4},"end":{"line":88,"column":7}},"17":{"start":{"line":75,"column":23},"end":{"line":75,"column":56}},"18":{"start":{"line":76,"column":8},"end":{"line":87,"column":9}},"19":{"start":{"line":77,"column":12},"end":{"line":86,"column":15}},"20":{"start":{"line":78,"column":33},"end":{"line":78,"column":73}},"21":{"start":{"line":79,"column":16},"end":{"line":79,"column":74}},"22":{"start":{"line":81,"column":16},"end":{"line":81,"column":46}},"23":{"start":{"line":82,"column":16},"end":{"line":82,"column":51}},"24":{"start":{"line":85,"column":16},"end":{"line":85,"column":41}},"25":{"start":{"line":95,"column":26},"end":{"line":99,"column":5}},"26":{"start":{"line":101,"column":4},"end":{"line":122,"column":7}},"27":{"start":{"line":102,"column":23},"end":{"line":102,"column":56}},"28":{"start":{"line":103,"column":8},"end":{"line":121,"column":9}},"29":{"start":{"line":104,"column":12},"end":{"line":120,"column":15}},"30":{"start":{"line":105,"column":33},"end":{"line":105,"column":58}},"31":{"start":{"line":106,"column":16},"end":{"line":106,"column":54}},"32":{"start":{"line":109,"column":16},"end":{"line":112,"column":17}},"33":{"start":{"line":110,"column":20},"end":{"line":111,"column":68}},"34":{"start":{"line":110,"column":61},"end":{"line":110,"column":79}},"35":{"start":{"line":111,"column":40},"end":{"line":111,"column":66}},"36":{"start":{"line":115,"column":16},"end":{"line":115,"column":46}},"37":{"start":{"line":116,"column":16},"end":{"line":116,"column":51}},"38":{"start":{"line":119,"column":16},"end":{"line":119,"column":41}},"39":{"start":{"line":130,"column":26},"end":{"line":130,"column":78}},"40":{"start":{"line":131,"column":4},"end":{"line":133,"column":7}},"41":{"start":{"line":132,"column":8},"end":{"line":132,"column":43}},"42":{"start":{"line":135,"column":28},"end":{"line":135,"column":65}},"43":{"start":{"line":136,"column":4},"end":{"line":150,"column":5}},"44":{"start":{"line":137,"column":8},"end":{"line":149,"column":11}},"45":{"start":{"line":138,"column":12},"end":{"line":138,"column":116}},"46":{"start":{"line":139,"column":12},"end":{"line":139,"column":42}},"47":{"start":{"line":140,"column":31},"end":{"line":140,"column":69}},"48":{"start":{"line":141,"column":12},"end":{"line":143,"column":13}},"49":{"start":{"line":142,"column":16},"end":{"line":142,"column":52}},"50":{"start":{"line":144,"column":12},"end":{"line":144,"column":52}},"51":{"start":{"line":145,"column":12},"end":{"line":145,"column":51}},"52":{"start":{"line":148,"column":12},"end":{"line":148,"column":37}},"53":{"start":{"line":153,"column":26},"end":{"line":153,"column":68}},"54":{"start":{"line":154,"column":4},"end":{"line":177,"column":5}},"55":{"start":{"line":155,"column":8},"end":{"line":176,"column":11}},"56":{"start":{"line":156,"column":31},"end":{"line":156,"column":69}},"57":{"start":{"line":157,"column":12},"end":{"line":175,"column":13}},"58":{"start":{"line":158,"column":16},"end":{"line":174,"column":17}},"59":{"start":{"line":159,"column":20},"end":{"line":159,"column":56}},"60":{"start":{"line":161,"column":20},"end":{"line":169,"column":22}},"61":{"start":{"line":170,"column":20},"end":{"line":170,"column":53}},"62":{"start":{"line":171,"column":20},"end":{"line":171,"column":39}},"63":{"start":{"line":172,"column":20},"end":{"line":172,"column":60}},"64":{"start":{"line":173,"column":20},"end":{"line":173,"column":59}},"65":{"start":{"line":180,"column":28},"end":{"line":180,"column":72}},"66":{"start":{"line":181,"column":4},"end":{"line":205,"column":5}},"67":{"start":{"line":182,"column":8},"end":{"line":204,"column":11}},"68":{"start":{"line":183,"column":31},"end":{"line":183,"column":69}},"69":{"start":{"line":184,"column":12},"end":{"line":203,"column":13}},"70":{"start":{"line":185,"column":16},"end":{"line":202,"column":17}},"71":{"start":{"line":186,"column":20},"end":{"line":186,"column":56}},"72":{"start":{"line":188,"column":20},"end":{"line":197,"column":22}},"73":{"start":{"line":198,"column":20},"end":{"line":198,"column":53}},"74":{"start":{"line":199,"column":20},"end":{"line":199,"column":41}},"75":{"start":{"line":200,"column":20},"end":{"line":200,"column":60}},"76":{"start":{"line":201,"column":20},"end":{"line":201,"column":59}},"77":{"start":{"line":208,"column":28},"end":{"line":208,"column":72}},"78":{"start":{"line":209,"column":4},"end":{"line":230,"column":5}},"79":{"start":{"line":210,"column":8},"end":{"line":229,"column":11}},"80":{"start":{"line":211,"column":31},"end":{"line":211,"column":69}},"81":{"start":{"line":212,"column":12},"end":{"line":228,"column":13}},"82":{"start":{"line":213,"column":16},"end":{"line":227,"column":17}},"83":{"start":{"line":214,"column":20},"end":{"line":214,"column":56}},"84":{"start":{"line":216,"column":20},"end":{"line":222,"column":22}},"85":{"start":{"line":223,"column":20},"end":{"line":223,"column":53}},"86":{"start":{"line":224,"column":20},"end":{"line":224,"column":41}},"87":{"start":{"line":225,"column":20},"end":{"line":225,"column":60}},"88":{"start":{"line":226,"column":20},"end":{"line":226,"column":59}},"89":{"start":{"line":232,"column":4},"end":{"line":245,"column":7}},"90":{"start":{"line":233,"column":27},"end":{"line":233,"column":65}},"91":{"start":{"line":234,"column":30},"end":{"line":234,"column":72}},"92":{"start":{"line":235,"column":32},"end":{"line":235,"column":76}},"93":{"start":{"line":236,"column":32},"end":{"line":236,"column":76}},"94":{"start":{"line":239,"column":8},"end":{"line":244,"column":9}},"95":{"start":{"line":243,"column":12},"end":{"line":243,"column":48}},"96":{"start":{"line":252,"column":16},"end":{"line":252,"column":45}},"97":{"start":{"line":255,"column":4},"end":{"line":257,"column":5}},"98":{"start":{"line":256,"column":8},"end":{"line":256,"column":63}},"99":{"start":{"line":259,"column":4},"end":{"line":261,"column":5}},"100":{"start":{"line":260,"column":8},"end":{"line":260,"column":67}},"101":{"start":{"line":263,"column":4},"end":{"line":265,"column":5}},"102":{"start":{"line":264,"column":8},"end":{"line":264,"column":75}},"103":{"start":{"line":267,"column":4},"end":{"line":269,"column":5}},"104":{"start":{"line":268,"column":8},"end":{"line":268,"column":79}},"105":{"start":{"line":271,"column":4},"end":{"line":273,"column":5}},"106":{"start":{"line":272,"column":8},"end":{"line":272,"column":71}},"107":{"start":{"line":275,"column":4},"end":{"line":275,"column":25}},"108":{"start":{"line":283,"column":4},"end":{"line":283,"column":25}},"109":{"start":{"line":291,"column":4},"end":{"line":291,"column":56}},"110":{"start":{"line":295,"column":0},"end":{"line":303,"column":2}}},"fnMap":{"0":{"name":"updateMarkersBasedOnFilters","decl":{"start":{"line":23,"column":9},"end":{"line":23,"column":36}},"loc":{"start":{"line":23,"column":39},"end":{"line":30,"column":1}},"line":23},"1":{"name":"setupPateButtons","decl":{"start":{"line":35,"column":16},"end":{"line":35,"column":32}},"loc":{"start":{"line":35,"column":35},"end":{"line":59,"column":1}},"line":35},"2":{"name":"(anonymous_2)","decl":{"start":{"line":44,"column":40},"end":{"line":44,"column":41}},"loc":{"start":{"line":44,"column":66},"end":{"line":58,"column":5}},"line":44},"3":{"name":"(anonymous_3)","decl":{"start":{"line":47,"column":45},"end":{"line":47,"column":46}},"loc":{"start":{"line":47,"column":56},"end":{"line":56,"column":13}},"line":47},"4":{"name":"setupSaveurButtons","decl":{"start":{"line":64,"column":16},"end":{"line":64,"column":34}},"loc":{"start":{"line":64,"column":37},"end":{"line":89,"column":1}},"line":64},"5":{"name":"(anonymous_5)","decl":{"start":{"line":74,"column":42},"end":{"line":74,"column":43}},"loc":{"start":{"line":74,"column":70},"end":{"line":88,"column":5}},"line":74},"6":{"name":"(anonymous_6)","decl":{"start":{"line":77,"column":45},"end":{"line":77,"column":46}},"loc":{"start":{"line":77,"column":56},"end":{"line":86,"column":13}},"line":77},"7":{"name":"setupStatutButtons","decl":{"start":{"line":94,"column":16},"end":{"line":94,"column":34}},"loc":{"start":{"line":94,"column":37},"end":{"line":123,"column":1}},"line":94},"8":{"name":"(anonymous_8)","decl":{"start":{"line":101,"column":42},"end":{"line":101,"column":43}},"loc":{"start":{"line":101,"column":70},"end":{"line":122,"column":5}},"line":101},"9":{"name":"(anonymous_9)","decl":{"start":{"line":104,"column":45},"end":{"line":104,"column":46}},"loc":{"start":{"line":104,"column":56},"end":{"line":120,"column":13}},"line":104},"10":{"name":"(anonymous_10)","decl":{"start":{"line":110,"column":54},"end":{"line":110,"column":55}},"loc":{"start":{"line":110,"column":61},"end":{"line":110,"column":79}},"line":110},"11":{"name":"(anonymous_11)","decl":{"start":{"line":111,"column":33},"end":{"line":111,"column":34}},"loc":{"start":{"line":111,"column":40},"end":{"line":111,"column":66}},"line":111},"12":{"name":"setupFilterButtons","decl":{"start":{"line":128,"column":16},"end":{"line":128,"column":34}},"loc":{"start":{"line":128,"column":37},"end":{"line":246,"column":1}},"line":128},"13":{"name":"(anonymous_13)","decl":{"start":{"line":131,"column":26},"end":{"line":131,"column":27}},"loc":{"start":{"line":131,"column":36},"end":{"line":133,"column":5}},"line":131},"14":{"name":"(anonymous_14)","decl":{"start":{"line":137,"column":50},"end":{"line":137,"column":51}},"loc":{"start":{"line":137,"column":61},"end":{"line":149,"column":9}},"line":137},"15":{"name":"(anonymous_15)","decl":{"start":{"line":155,"column":48},"end":{"line":155,"column":49}},"loc":{"start":{"line":155,"column":59},"end":{"line":176,"column":9}},"line":155},"16":{"name":"(anonymous_16)","decl":{"start":{"line":182,"column":50},"end":{"line":182,"column":51}},"loc":{"start":{"line":182,"column":61},"end":{"line":204,"column":9}},"line":182},"17":{"name":"(anonymous_17)","decl":{"start":{"line":210,"column":50},"end":{"line":210,"column":51}},"loc":{"start":{"line":210,"column":61},"end":{"line":229,"column":9}},"line":210},"18":{"name":"(anonymous_18)","decl":{"start":{"line":232,"column":39},"end":{"line":232,"column":40}},"loc":{"start":{"line":232,"column":55},"end":{"line":245,"column":5}},"line":232},"19":{"name":"restoreFiltersFromUrl","decl":{"start":{"line":251,"column":16},"end":{"line":251,"column":37}},"loc":{"start":{"line":251,"column":40},"end":{"line":276,"column":1}},"line":251},"20":{"name":"getActiveFilters","decl":{"start":{"line":282,"column":16},"end":{"line":282,"column":32}},"loc":{"start":{"line":282,"column":35},"end":{"line":284,"column":1}},"line":282},"21":{"name":"setActiveFilters","decl":{"start":{"line":290,"column":16},"end":{"line":290,"column":32}},"loc":{"start":{"line":290,"column":45},"end":{"line":292,"column":1}},"line":290}},"branchMap":{"0":{"loc":{"start":{"line":46,"column":8},"end":{"line":57,"column":9}},"type":"if","locations":[{"start":{"line":46,"column":8},"end":{"line":57,"column":9}},{"start":{},"end":{}}],"line":46},"1":{"loc":{"start":{"line":49,"column":42},"end":{"line":49,"column":69}},"type":"cond-expr","locations":[{"start":{"line":49,"column":53},"end":{"line":49,"column":58}},{"start":{"line":49,"column":61},"end":{"line":49,"column":69}}],"line":49},"2":{"loc":{"start":{"line":76,"column":8},"end":{"line":87,"column":9}},"type":"if","locations":[{"start":{"line":76,"column":8},"end":{"line":87,"column":9}},{"start":{},"end":{}}],"line":76},"3":{"loc":{"start":{"line":79,"column":44},"end":{"line":79,"column":73}},"type":"cond-expr","locations":[{"start":{"line":79,"column":55},"end":{"line":79,"column":60}},{"start":{"line":79,"column":63},"end":{"line":79,"column":73}}],"line":79},"4":{"loc":{"start":{"line":103,"column":8},"end":{"line":121,"column":9}},"type":"if","locations":[{"start":{"line":103,"column":8},"end":{"line":121,"column":9}},{"start":{},"end":{}}],"line":103},"5":{"loc":{"start":{"line":109,"column":16},"end":{"line":112,"column":17}},"type":"if","locations":[{"start":{"line":109,"column":16},"end":{"line":112,"column":17}},{"start":{},"end":{}}],"line":109},"6":{"loc":{"start":{"line":136,"column":4},"end":{"line":150,"column":5}},"type":"if","locations":[{"start":{"line":136,"column":4},"end":{"line":150,"column":5}},{"start":{},"end":{}}],"line":136},"7":{"loc":{"start":{"line":141,"column":12},"end":{"line":143,"column":13}},"type":"if","locations":[{"start":{"line":141,"column":12},"end":{"line":143,"column":13}},{"start":{},"end":{}}],"line":141},"8":{"loc":{"start":{"line":154,"column":4},"end":{"line":177,"column":5}},"type":"if","locations":[{"start":{"line":154,"column":4},"end":{"line":177,"column":5}},{"start":{},"end":{}}],"line":154},"9":{"loc":{"start":{"line":157,"column":12},"end":{"line":175,"column":13}},"type":"if","locations":[{"start":{"line":157,"column":12},"end":{"line":175,"column":13}},{"start":{},"end":{}}],"line":157},"10":{"loc":{"start":{"line":158,"column":16},"end":{"line":174,"column":17}},"type":"if","locations":[{"start":{"line":158,"column":16},"end":{"line":174,"column":17}},{"start":{"line":160,"column":23},"end":{"line":174,"column":17}}],"line":158},"11":{"loc":{"start":{"line":158,"column":20},"end":{"line":158,"column":102}},"type":"binary-expr","locations":[{"start":{"line":158,"column":20},"end":{"line":158,"column":57}},{"start":{"line":158,"column":61},"end":{"line":158,"column":102}}],"line":158},"12":{"loc":{"start":{"line":181,"column":4},"end":{"line":205,"column":5}},"type":"if","locations":[{"start":{"line":181,"column":4},"end":{"line":205,"column":5}},{"start":{},"end":{}}],"line":181},"13":{"loc":{"start":{"line":184,"column":12},"end":{"line":203,"column":13}},"type":"if","locations":[{"start":{"line":184,"column":12},"end":{"line":203,"column":13}},{"start":{},"end":{}}],"line":184},"14":{"loc":{"start":{"line":185,"column":16},"end":{"line":202,"column":17}},"type":"if","locations":[{"start":{"line":185,"column":16},"end":{"line":202,"column":17}},{"start":{"line":187,"column":23},"end":{"line":202,"column":17}}],"line":185},"15":{"loc":{"start":{"line":185,"column":20},"end":{"line":185,"column":102}},"type":"binary-expr","locations":[{"start":{"line":185,"column":20},"end":{"line":185,"column":57}},{"start":{"line":185,"column":61},"end":{"line":185,"column":102}}],"line":185},"16":{"loc":{"start":{"line":209,"column":4},"end":{"line":230,"column":5}},"type":"if","locations":[{"start":{"line":209,"column":4},"end":{"line":230,"column":5}},{"start":{},"end":{}}],"line":209},"17":{"loc":{"start":{"line":212,"column":12},"end":{"line":228,"column":13}},"type":"if","locations":[{"start":{"line":212,"column":12},"end":{"line":228,"column":13}},{"start":{},"end":{}}],"line":212},"18":{"loc":{"start":{"line":213,"column":16},"end":{"line":227,"column":17}},"type":"if","locations":[{"start":{"line":213,"column":16},"end":{"line":227,"column":17}},{"start":{"line":215,"column":23},"end":{"line":227,"column":17}}],"line":213},"19":{"loc":{"start":{"line":213,"column":20},"end":{"line":213,"column":102}},"type":"binary-expr","locations":[{"start":{"line":213,"column":20},"end":{"line":213,"column":57}},{"start":{"line":213,"column":61},"end":{"line":213,"column":102}}],"line":213},"20":{"loc":{"start":{"line":239,"column":8},"end":{"line":244,"column":9}},"type":"if","locations":[{"start":{"line":239,"column":8},"end":{"line":244,"column":9}},{"start":{},"end":{}}],"line":239},"21":{"loc":{"start":{"line":239,"column":12},"end":{"line":242,"column":46}},"type":"binary-expr","locations":[{"start":{"line":239,"column":12},"end":{"line":239,"column":22}},{"start":{"line":239,"column":26},"end":{"line":239,"column":64}},{"start":{"line":240,"column":12},"end":{"line":240,"column":52}},{"start":{"line":241,"column":12},"end":{"line":241,"column":52}},{"start":{"line":242,"column":12},"end":{"line":242,"column":46}}],"line":239},"22":{"loc":{"start":{"line":255,"column":4},"end":{"line":257,"column":5}},"type":"if","locations":[{"start":{"line":255,"column":4},"end":{"line":257,"column":5}},{"start":{},"end":{}}],"line":255},"23":{"loc":{"start":{"line":259,"column":4},"end":{"line":261,"column":5}},"type":"if","locations":[{"start":{"line":259,"column":4},"end":{"line":261,"column":5}},{"start":{},"end":{}}],"line":259},"24":{"loc":{"start":{"line":263,"column":4},"end":{"line":265,"column":5}},"type":"if","locations":[{"start":{"line":263,"column":4},"end":{"line":265,"column":5}},{"start":{},"end":{}}],"line":263},"25":{"loc":{"start":{"line":267,"column":4},"end":{"line":269,"column":5}},"type":"if","locations":[{"start":{"line":267,"column":4},"end":{"line":269,"column":5}},{"start":{},"end":{}}],"line":267},"26":{"loc":{"start":{"line":271,"column":4},"end":{"line":273,"column":5}},"type":"if","locations":[{"start":{"line":271,"column":4},"end":{"line":273,"column":5}},{"start":{},"end":{}}],"line":271}},"s":{"0":1,"1":0,"2":0,"3":0,"4":0,"5":0,"6":0,"7":0,"8":0,"9":0,"10":0,"11":0,"12":0,"13":0,"14":0,"15":0,"16":0,"17":0,"18":0,"19":0,"20":0,"21":0,"22":0,"23":0,"24":0,"25":0,"26":0,"27":0,"28":0,"29":0,"30":0,"31":0,"32":0,"33":0,"34":0,"35":0,"36":0,"37":0,"38":0,"39":0,"40":0,"41":0,"42":0,"43":0,"44":0,"45":0,"46":0,"47":0,"48":0,"49":0,"50":0,"51":0,"52":0,"53":0,"54":0,"55":0,"56":0,"57":0,"58":0,"59":0,"60":0,"61":0,"62":0,"63":0,"64":0,"65":0,"66":0,"67":0,"68":0,"69":0,"70":0,"71":0,"72":0,"73":0,"74":0,"75":0,"76":0,"77":0,"78":0,"79":0,"80":0,"81":0,"82":0,"83":0,"84":0,"85":0,"86":0,"87":0,"88":0,"89":0,"90":0,"91":0,"92":0,"93":0,"94":0,"95":0,"96":0,"97":0,"98":0,"99":0,"100":0,"101":0,"102":0,"103":0,"104":0,"105":0,"106":0,"107":0,"108":0,"109":0,"110":1},"f":{"0":0,"1":0,"2":0,"3":0,"4":0,"5":0,"6":0,"7":0,"8":0,"9":0,"10":0,"11":0,"12":0,"13":0,"14":0,"15":0,"16":0,"17":0,"18":0,"19":0,"20":0,"21":0},"b":{"0":[0,0],"1":[0,0],"2":[0,0],"3":[0,0],"4":[0,0],"5":[0,0],"6":[0,0],"7":[0,0],"8":[0,0],"9":[0,0],"10":[0,0],"11":[0,0],"12":[0,0],"13":[0,0],"14":[0,0],"15":[0,0],"16":[0,0],"17":[0,0],"18":[0,0],"19":[0,0],"20":[0,0],"21":[0,0,0,0,0],"22":[0,0],"23":[0,0],"24":[0,0],"25":[0,0],"26":[0,0]},"_coverageSchema":"1a1c01bbd47fc00a2c39e90264f33305004495a9","hash":"0dc4545c261deff20904e3b4fc0e38cc1f7dee4c"}
,"/home/damien/PlanFlan/planflan2/app/static/js/geolocation.js": {"path":"/home/damien/PlanFlan/planflan2/app/static/js/geolocation.js","statementMap":{"0":{"start":{"line":20,"column":8},"end":{"line":20,"column":23}},"1":{"start":{"line":21,"column":8},"end":{"line":21,"column":31}},"2":{"start":{"line":22,"column":8},"end":{"line":22,"column":31}},"3":{"start":{"line":23,"column":8},"end":{"line":27,"column":10}},"4":{"start":{"line":30,"column":8},"end":{"line":34,"column":11}},"5":{"start":{"line":42,"column":8},"end":{"line":70,"column":11}},"6":{"start":{"line":43,"column":12},"end":{"line":48,"column":13}},"7":{"start":{"line":44,"column":30},"end":{"line":44,"column":102}},"8":{"start":{"line":45,"column":16},"end":{"line":45,"column":47}},"9":{"start":{"line":46,"column":16},"end":{"line":46,"column":30}},"10":{"start":{"line":47,"column":16},"end":{"line":47,"column":23}},"11":{"start":{"line":51,"column":12},"end":{"line":51,"column":32}},"12":{"start":{"line":53,"column":12},"end":{"line":69,"column":14}},"13":{"start":{"line":55,"column":20},"end":{"line":55,"column":40}},"14":{"start":{"line":56,"column":20},"end":{"line":56,"column":51}},"15":{"start":{"line":57,"column":20},"end":{"line":57,"column":38}},"16":{"start":{"line":60,"column":20},"end":{"line":60,"column":40}},"17":{"start":{"line":61,"column":20},"end":{"line":61,"column":45}},"18":{"start":{"line":62,"column":20},"end":{"line":62,"column":34}},"19":{"start":{"line":78,"column":20},"end":{"line":78,"column":44}},"20":{"start":{"line":79,"column":20},"end":{"line":79,"column":45}},"21":{"start":{"line":80,"column":25},"end":{"line":80,"column":49}},"22":{"start":{"line":83,"column":8},"end":{"line":83,"column":63}},"23":{"start":{"line":86,"column":8},"end":{"line":86,"column":41}},"24":{"start":{"line":89,"column":8},"end":{"line":93,"column":9}},"25":{"start":{"line":90,"column":12},"end":{"line":90,"column":59}},"26":{"start":{"line":92,"column":12},"end":{"line":92,"column":41}},"27":{"start":{"line":96,"column":22},"end":{"line":103,"column":10}},"28":{"start":{"line":112,"column":8},"end":{"line":128,"column":9}},"29":{"start":{"line":113,"column":12},"end":{"line":113,"column":50}},"30":{"start":{"line":115,"column":12},"end":{"line":119,"column":31}},"31":{"start":{"line":122,"column":12},"end":{"line":122,"column":96}},"32":{"start":{"line":125,"column":12},"end":{"line":127,"column":15}},"33":{"start":{"line":126,"column":16},"end":{"line":126,"column":71}},"34":{"start":{"line":138,"column":8},"end":{"line":149,"column":9}},"35":{"start":{"line":139,"column":12},"end":{"line":139,"column":50}},"36":{"start":{"line":140,"column":12},"end":{"line":140,"column":48}},"37":{"start":{"line":142,"column":12},"end":{"line":148,"column":31}},"38":{"start":{"line":156,"column":8},"end":{"line":159,"column":9}},"39":{"start":{"line":157,"column":12},"end":{"line":157,"column":50}},"40":{"start":{"line":158,"column":12},"end":{"line":158,"column":35}},"41":{"start":{"line":168,"column":8},"end":{"line":180,"column":9}},"42":{"start":{"line":170,"column":16},"end":{"line":170,"column":70}},"43":{"start":{"line":171,"column":16},"end":{"line":171,"column":22}},"44":{"start":{"line":173,"column":16},"end":{"line":173,"column":61}},"45":{"start":{"line":174,"column":16},"end":{"line":174,"column":22}},"46":{"start":{"line":176,"column":16},"end":{"line":176,"column":67}},"47":{"start":{"line":177,"column":16},"end":{"line":177,"column":22}},"48":{"start":{"line":179,"column":16},"end":{"line":179,"column":63}},"49":{"start":{"line":182,"column":8},"end":{"line":182,"column":33}},"50":{"start":{"line":185,"column":22},"end":{"line":187,"column":10}},"51":{"start":{"line":188,"column":8},"end":{"line":188,"column":38}},"52":{"start":{"line":201,"column":18},"end":{"line":201,"column":22}},"53":{"start":{"line":202,"column":21},"end":{"line":202,"column":45}},"54":{"start":{"line":203,"column":21},"end":{"line":203,"column":45}},"55":{"start":{"line":205,"column":12},"end":{"line":207,"column":47}},"56":{"start":{"line":208,"column":18},"end":{"line":208,"column":62}},"57":{"start":{"line":209,"column":8},"end":{"line":209,"column":21}},"58":{"start":{"line":218,"column":8},"end":{"line":218,"column":39}},"59":{"start":{"line":226,"column":8},"end":{"line":226,"column":51}},"60":{"start":{"line":233,"column":8},"end":{"line":233,"column":22}},"61":{"start":{"line":241,"column":8},"end":{"line":241,"column":38}},"62":{"start":{"line":249,"column":8},"end":{"line":249,"column":51}},"63":{"start":{"line":250,"column":8},"end":{"line":250,"column":36}},"64":{"start":{"line":257,"column":8},"end":{"line":260,"column":9}},"65":{"start":{"line":258,"column":12},"end":{"line":258,"column":50}},"66":{"start":{"line":259,"column":12},"end":{"line":259,"column":35}},"67":{"start":{"line":261,"column":8},"end":{"line":261,"column":37}},"68":{"start":{"line":271,"column":4},"end":{"line":286,"column":7}},"69":{"start":{"line":272,"column":8},"end":{"line":275,"column":9}},"70":{"start":{"line":273,"column":12},"end":{"line":273,"column":93}},"71":{"start":{"line":274,"column":12},"end":{"line":274,"column":19}},"72":{"start":{"line":277,"column":8},"end":{"line":285,"column":10}},"73":{"start":{"line":278,"column":26},"end":{"line":278,"column":43}},"74":{"start":{"line":279,"column":23},"end":{"line":279,"column":36}},"75":{"start":{"line":290,"column":0},"end":{"line":290,"column":49}},"76":{"start":{"line":291,"column":0},"end":{"line":291,"column":55}}},"fnMap":{"0":{"name":"(anonymous_0)","decl":{"start":{"line":19,"column":4},"end":{"line":19,"column":5}},"loc":{"start":{"line":19,"column":35},"end":{"line":35,"column":5}},"line":19},"1":{"name":"(anonymous_1)","decl":{"start":{"line":41,"column":4},"end":{"line":41,"column":5}},"loc":{"start":{"line":41,"column":15},"end":{"line":71,"column":5}},"line":41},"2":{"name":"(anonymous_2)","decl":{"start":{"line":42,"column":27},"end":{"line":42,"column":28}},"loc":{"start":{"line":42,"column":48},"end":{"line":70,"column":9}},"line":42},"3":{"name":"(anonymous_3)","decl":{"start":{"line":54,"column":16},"end":{"line":54,"column":17}},"loc":{"start":{"line":54,"column":30},"end":{"line":58,"column":17}},"line":54},"4":{"name":"(anonymous_4)","decl":{"start":{"line":59,"column":16},"end":{"line":59,"column":17}},"loc":{"start":{"line":59,"column":27},"end":{"line":63,"column":17}},"line":59},"5":{"name":"(anonymous_5)","decl":{"start":{"line":77,"column":4},"end":{"line":77,"column":5}},"loc":{"start":{"line":77,"column":30},"end":{"line":104,"column":5}},"line":77},"6":{"name":"(anonymous_6)","decl":{"start":{"line":111,"column":4},"end":{"line":111,"column":5}},"loc":{"start":{"line":111,"column":32},"end":{"line":129,"column":5}},"line":111},"7":{"name":"(anonymous_7)","decl":{"start":{"line":125,"column":40},"end":{"line":125,"column":41}},"loc":{"start":{"line":125,"column":46},"end":{"line":127,"column":13}},"line":125},"8":{"name":"(anonymous_8)","decl":{"start":{"line":137,"column":4},"end":{"line":137,"column":5}},"loc":{"start":{"line":137,"column":46},"end":{"line":150,"column":5}},"line":137},"9":{"name":"(anonymous_9)","decl":{"start":{"line":155,"column":4},"end":{"line":155,"column":5}},"loc":{"start":{"line":155,"column":28},"end":{"line":160,"column":5}},"line":155},"10":{"name":"(anonymous_10)","decl":{"start":{"line":166,"column":4},"end":{"line":166,"column":5}},"loc":{"start":{"line":166,"column":24},"end":{"line":189,"column":5}},"line":166},"11":{"name":"(anonymous_11)","decl":{"start":{"line":200,"column":4},"end":{"line":200,"column":5}},"loc":{"start":{"line":200,"column":53},"end":{"line":210,"column":5}},"line":200},"12":{"name":"(anonymous_12)","decl":{"start":{"line":217,"column":4},"end":{"line":217,"column":5}},"loc":{"start":{"line":217,"column":27},"end":{"line":219,"column":5}},"line":217},"13":{"name":"(anonymous_13)","decl":{"start":{"line":225,"column":4},"end":{"line":225,"column":5}},"loc":{"start":{"line":225,"column":19},"end":{"line":227,"column":5}},"line":225},"14":{"name":"(anonymous_14)","decl":{"start":{"line":232,"column":4},"end":{"line":232,"column":5}},"loc":{"start":{"line":232,"column":19},"end":{"line":234,"column":5}},"line":232},"15":{"name":"(anonymous_15)","decl":{"start":{"line":240,"column":4},"end":{"line":240,"column":5}},"loc":{"start":{"line":240,"column":26},"end":{"line":242,"column":5}},"line":240},"16":{"name":"(anonymous_16)","decl":{"start":{"line":248,"column":4},"end":{"line":248,"column":5}},"loc":{"start":{"line":248,"column":24},"end":{"line":251,"column":5}},"line":248},"17":{"name":"(anonymous_17)","decl":{"start":{"line":256,"column":4},"end":{"line":256,"column":5}},"loc":{"start":{"line":256,"column":12},"end":{"line":262,"column":5}},"line":256},"18":{"name":"getUserLocationSimple","decl":{"start":{"line":270,"column":16},"end":{"line":270,"column":37}},"loc":{"start":{"line":270,"column":40},"end":{"line":287,"column":1}},"line":270},"19":{"name":"(anonymous_19)","decl":{"start":{"line":271,"column":23},"end":{"line":271,"column":24}},"loc":{"start":{"line":271,"column":44},"end":{"line":286,"column":5}},"line":271},"20":{"name":"(anonymous_20)","decl":{"start":{"line":278,"column":12},"end":{"line":278,"column":13}},"loc":{"start":{"line":278,"column":26},"end":{"line":278,"column":43}},"line":278},"21":{"name":"(anonymous_21)","decl":{"start":{"line":279,"column":12},"end":{"line":279,"column":13}},"loc":{"start":{"line":279,"column":23},"end":{"line":279,"column":36}},"line":279}},"branchMap":{"0":{"loc":{"start":{"line":19,"column":21},"end":{"line":19,"column":33}},"type":"default-arg","locations":[{"start":{"line":19,"column":31},"end":{"line":19,"column":33}}],"line":19},"1":{"loc":{"start":{"line":24,"column":25},"end":{"line":24,"column":50}},"type":"binary-expr","locations":[{"start":{"line":24,"column":25},"end":{"line":24,"column":44}},{"start":{"line":24,"column":48},"end":{"line":24,"column":50}}],"line":24},"2":{"loc":{"start":{"line":25,"column":31},"end":{"line":25,"column":64}},"type":"binary-expr","locations":[{"start":{"line":25,"column":31},"end":{"line":25,"column":56}},{"start":{"line":25,"column":60},"end":{"line":25,"column":64}}],"line":25},"3":{"loc":{"start":{"line":43,"column":12},"end":{"line":48,"column":13}},"type":"if","locations":[{"start":{"line":43,"column":12},"end":{"line":48,"column":13}},{"start":{},"end":{}}],"line":43},"4":{"loc":{"start":{"line":89,"column":8},"end":{"line":93,"column":9}},"type":"if","locations":[{"start":{"line":89,"column":8},"end":{"line":93,"column":9}},{"start":{"line":91,"column":15},"end":{"line":93,"column":9}}],"line":89},"5":{"loc":{"start":{"line":89,"column":12},"end":{"line":89,"column":66}},"type":"binary-expr","locations":[{"start":{"line":89,"column":12},"end":{"line":89,"column":20}},{"start":{"line":89,"column":24},"end":{"line":89,"column":66}}],"line":89},"6":{"loc":{"start":{"line":112,"column":8},"end":{"line":128,"column":9}},"type":"if","locations":[{"start":{"line":112,"column":8},"end":{"line":128,"column":9}},{"start":{"line":114,"column":15},"end":{"line":128,"column":9}}],"line":112},"7":{"loc":{"start":{"line":138,"column":8},"end":{"line":149,"column":9}},"type":"if","locations":[{"start":{"line":138,"column":8},"end":{"line":149,"column":9}},{"start":{"line":141,"column":15},"end":{"line":149,"column":9}}],"line":138},"8":{"loc":{"start":{"line":156,"column":8},"end":{"line":159,"column":9}},"type":"if","locations":[{"start":{"line":156,"column":8},"end":{"line":159,"column":9}},{"start":{},"end":{}}],"line":156},"9":{"loc":{"start":{"line":168,"column":8},"end":{"line":180,"column":9}},"type":"switch","locations":[{"start":{"line":169,"column":12},"end":{"line":171,"column":22}},{"start":{"line":172,"column":12},"end":{"line":174,"column":22}},{"start":{"line":175,"column":12},"end":{"line":177,"column":22}},{"start":{"line":178,"column":12},"end":{"line":179,"column":63}}],"line":168},"10":{"loc":{"start":{"line":257,"column":8},"end":{"line":260,"column":9}},"type":"if","locations":[{"start":{"line":257,"column":8},"end":{"line":260,"column":9}},{"start":{},"end":{}}],"line":257},"11":{"loc":{"start":{"line":272,"column":8},"end":{"line":275,"column":9}},"type":"if","locations":[{"start":{"line":272,"column":8},"end":{"line":275,"column":9}},{"start":{},"end":{}}],"line":272}},"s":{"0":0,"1":0,"2":0,"3":0,"4":0,"5":0,"6":0,"7":0,"8":0,"9":0,"10":0,"11":0,"12":0,"13":0,"14":0,"15":0,"16":0,"17":0,"18":0,"19":0,"20":0,"21":0,"22":0,"23":0,"24":0,"25":0,"26":0,"27":0,"28":0,"29":0,"30":0,"31":0,"32":0,"33":0,"34":0,"35":0,"36":0,"37":0,"38":0,"39":0,"40":0,"41":0,"42":0,"43":0,"44":0,"45":0,"46":0,"47":0,"48":0,"49":0,"50":0,"51":0,"52":0,"53":0,"54":0,"55":0,"56":0,"57":0,"58":0,"59":0,"60":0,"61":0,"62":0,"63":0,"64":0,"65":0,"66":0,"67":0,"68":2,"69":2,"70":0,"71":0,"72":2,"73":1,"74":1,"75":1,"76":1},"f":{"0":0,"1":0,"2":0,"3":0,"4":0,"5":0,"6":0,"7":0,"8":0,"9":0,"10":0,"11":0,"12":0,"13":0,"14":0,"15":0,"16":0,"17":0,"18":2,"19":2,"20":1,"21":1},"b":{"0":[0],"1":[0,0],"2":[0,0],"3":[0,0],"4":[0,0],"5":[0,0],"6":[0,0],"7":[0,0],"8":[0,0],"9":[0,0,0,0],"10":[0,0],"11":[0,2]},"_coverageSchema":"1a1c01bbd47fc00a2c39e90264f33305004495a9","hash":"76789b0165c1500078d31cde461a5bf255ad3c82"}
,"/home/damien/PlanFlan/planflan2/app/static/js/index.js": {"path":"/home/damien/PlanFlan/planflan2/app/static/js/index.js","statementMap":{"0":{"start":{"line":7,"column":18},"end":{"line":7,"column":63}},"1":{"start":{"line":8,"column":29},"end":{"line":8,"column":76}},"2":{"start":{"line":9,"column":23},"end":{"line":9,"column":25}},"3":{"start":{"line":11,"column":4},"end":{"line":14,"column":5}},"4":{"start":{"line":12,"column":8},"end":{"line":12,"column":66}},"5":{"start":{"line":13,"column":8},"end":{"line":13,"column":21}},"6":{"start":{"line":16,"column":4},"end":{"line":16,"column":61}},"7":{"start":{"line":26,"column":8},"end":{"line":31,"column":10}},"8":{"start":{"line":27,"column":12},"end":{"line":27,"column":32}},"9":{"start":{"line":28,"column":12},"end":{"line":30,"column":24}},"10":{"start":{"line":29,"column":16},"end":{"line":29,"column":39}},"11":{"start":{"line":38,"column":28},"end":{"line":38,"column":73}},"12":{"start":{"line":39,"column":8},"end":{"line":44,"column":9}},"13":{"start":{"line":40,"column":12},"end":{"line":40,"column":67}},"14":{"start":{"line":41,"column":12},"end":{"line":41,"column":44}},"15":{"start":{"line":43,"column":12},"end":{"line":43,"column":57}},"16":{"start":{"line":51,"column":8},"end":{"line":51,"column":40}},"17":{"start":{"line":52,"column":24},"end":{"line":52,"column":53}},"18":{"start":{"line":53,"column":8},"end":{"line":53,"column":51}},"19":{"start":{"line":54,"column":8},"end":{"line":54,"column":54}},"20":{"start":{"line":55,"column":8},"end":{"line":55,"column":46}},"21":{"start":{"line":56,"column":8},"end":{"line":56,"column":47}},"22":{"start":{"line":64,"column":8},"end":{"line":64,"column":56}},"23":{"start":{"line":65,"column":8},"end":{"line":65,"column":40}},"24":{"start":{"line":67,"column":8},"end":{"line":74,"column":9}},"25":{"start":{"line":68,"column":30},"end":{"line":68,"column":59}},"26":{"start":{"line":69,"column":12},"end":{"line":69,"column":60}},"27":{"start":{"line":70,"column":12},"end":{"line":70,"column":92}},"28":{"start":{"line":71,"column":12},"end":{"line":71,"column":52}},"29":{"start":{"line":72,"column":12},"end":{"line":72,"column":51}},"30":{"start":{"line":73,"column":12},"end":{"line":73,"column":19}},"31":{"start":{"line":76,"column":8},"end":{"line":76,"column":52}},"32":{"start":{"line":77,"column":8},"end":{"line":138,"column":11}},"33":{"start":{"line":78,"column":24},"end":{"line":78,"column":53}},"34":{"start":{"line":79,"column":12},"end":{"line":79,"column":48}},"35":{"start":{"line":80,"column":12},"end":{"line":80,"column":36}},"36":{"start":{"line":81,"column":12},"end":{"line":136,"column":15}},"37":{"start":{"line":82,"column":16},"end":{"line":82,"column":36}},"38":{"start":{"line":83,"column":36},"end":{"line":83,"column":81}},"39":{"start":{"line":84,"column":16},"end":{"line":89,"column":17}},"40":{"start":{"line":85,"column":20},"end":{"line":85,"column":46}},"41":{"start":{"line":86,"column":20},"end":{"line":86,"column":90}},"42":{"start":{"line":88,"column":20},"end":{"line":88,"column":68}},"43":{"start":{"line":90,"column":16},"end":{"line":90,"column":58}},"44":{"start":{"line":93,"column":16},"end":{"line":135,"column":23}},"45":{"start":{"line":94,"column":38},"end":{"line":94,"column":53}},"46":{"start":{"line":96,"column":24},"end":{"line":120,"column":25}},"47":{"start":{"line":97,"column":42},"end":{"line":97,"column":60}},"48":{"start":{"line":98,"column":28},"end":{"line":119,"column":29}},"49":{"start":{"line":99,"column":44},"end":{"line":99,"column":64}},"50":{"start":{"line":100,"column":44},"end":{"line":100,"column":64}},"51":{"start":{"line":103,"column":54},"end":{"line":103,"column":102}},"52":{"start":{"line":104,"column":55},"end":{"line":104,"column":104}},"53":{"start":{"line":105,"column":32},"end":{"line":108,"column":33}},"54":{"start":{"line":106,"column":36},"end":{"line":106,"column":62}},"55":{"start":{"line":107,"column":36},"end":{"line":107,"column":63}},"56":{"start":{"line":111,"column":44},"end":{"line":111,"column":101}},"57":{"start":{"line":112,"column":32},"end":{"line":112,"column":72}},"58":{"start":{"line":113,"column":32},"end":{"line":113,"column":73}},"59":{"start":{"line":114,"column":32},"end":{"line":114,"column":74}},"60":{"start":{"line":115,"column":32},"end":{"line":115,"column":88}},"61":{"start":{"line":117,"column":32},"
[...]
:{"line":57,"column":31},"end":{"line":57,"column":61}},"29":{"start":{"line":58,"column":8},"end":{"line":58,"column":45}},"30":{"start":{"line":60,"column":8},"end":{"line":60,"column":44}},"31":{"start":{"line":61,"column":8},"end":{"line":61,"column":51}},"32":{"start":{"line":62,"column":8},"end":{"line":62,"column":50}},"33":{"start":{"line":64,"column":31},"end":{"line":64,"column":67}},"34":{"start":{"line":65,"column":8},"end":{"line":67,"column":9}},"35":{"start":{"line":66,"column":12},"end":{"line":66,"column":49}},"36":{"start":{"line":68,"column":8},"end":{"line":68,"column":46}},"37":{"start":{"line":76,"column":27},"end":{"line":76,"column":78}},"38":{"start":{"line":77,"column":4},"end":{"line":79,"column":5}},"39":{"start":{"line":78,"column":8},"end":{"line":78,"column":46}},"40":{"start":{"line":88,"column":4},"end":{"line":88,"column":43}},"41":{"start":{"line":90,"column":27},"end":{"line":90,"column":95}},"42":{"start":{"line":92,"column":18},"end":{"line":92,"column":47}},"43":{"start":{"line":93,"column":4},"end":{"line":93,"column":49}},"44":{"start":{"line":94,"column":4},"end":{"line":94,"column":35}},"45":{"start":{"line":95,"column":4},"end":{"line":95,"column":38}},"46":{"start":{"line":97,"column":24},"end":{"line":97,"column":53}},"47":{"start":{"line":98,"column":4},"end":{"line":98,"column":43}},"48":{"start":{"line":99,"column":4},"end":{"line":99,"column":66}},"49":{"start":{"line":100,"column":4},"end":{"line":100,"column":38}},"50":{"start":{"line":102,"column":23},"end":{"line":102,"column":55}},"51":{"start":{"line":103,"column":4},"end":{"line":103,"column":37}},"52":{"start":{"line":104,"column":4},"end":{"line":104,"column":49}},"53":{"start":{"line":106,"column":24},"end":{"line":106,"column":56}},"54":{"start":{"line":107,"column":4},"end":{"line":107,"column":32}},"55":{"start":{"line":108,"column":4},"end":{"line":108,"column":56}},"56":{"start":{"line":109,"column":4},"end":{"line":109,"column":57}},"57":{"start":{"line":110,"column":4},"end":{"line":110,"column":52}},"58":{"start":{"line":111,"column":4},"end":{"line":113,"column":7}},"59":{"start":{"line":112,"column":8},"end":{"line":112,"column":23}},"60":{"start":{"line":115,"column":4},"end":{"line":115,"column":40}},"61":{"start":{"line":116,"column":4},"end":{"line":116,"column":41}},"62":{"start":{"line":118,"column":22},"end":{"line":118,"column":51}},"63":{"start":{"line":119,"column":4},"end":{"line":119,"column":39}},"64":{"start":{"line":120,"column":4},"end":{"line":120,"column":36}},"65":{"start":{"line":122,"column":4},"end":{"line":122,"column":35}},"66":{"start":{"line":123,"column":4},"end":{"line":123,"column":33}},"67":{"start":{"line":125,"column":4},"end":{"line":125,"column":38}},"68":{"start":{"line":128,"column":4},"end":{"line":130,"column":13}},"69":{"start":{"line":129,"column":8},"end":{"line":129,"column":23}},"70":{"start":{"line":134,"column":22},"end":{"line":134,"column":51}},"71":{"start":{"line":135,"column":4},"end":{"line":135,"column":37}},"72":{"start":{"line":136,"column":4},"end":{"line":136,"column":39}},"73":{"start":{"line":137,"column":4},"end":{"line":137,"column":33}},"74":{"start":{"line":138,"column":4},"end":{"line":138,"column":35}},"75":{"start":{"line":139,"column":4},"end":{"line":139,"column":36}},"76":{"start":{"line":140,"column":4},"end":{"line":140,"column":41}},"77":{"start":{"line":141,"column":4},"end":{"line":141,"column":21}},"78":{"start":{"line":145,"column":19},"end":{"line":150,"column":5}},"79":{"start":{"line":151,"column":4},"end":{"line":151,"column":42}},"80":{"start":{"line":155,"column":19},"end":{"line":160,"column":5}},"81":{"start":{"line":161,"column":4},"end":{"line":161,"column":42}},"82":{"start":{"line":170,"column":4},"end":{"line":174,"column":5}},"83":{"start":{"line":171,"column":8},"end":{"line":171,"column":42}},"84":{"start":{"line":173,"column":8},"end":{"line":173,"column":39}},"85":{"start":{"line":182,"column":16},"end":{"line":182,"column":45}},"86":{"start":{"line":185,"column":4},"end":{"line":191,"column":5}},"87":{"start":{"line":186,"column":8},"end":{"line":190,"column":9}},"88":{"start":{"line":187,"column":12},"end":{"line":187,"column":53}},"89":{"start":{"line":189,"column":12},"end":{"line":189,"column":41}},"90":{"start":{"line":193,"column":4},"end":{"line":193,"column":45}},"91":{"start":{"line":201,"column":16},"end":{"line":201,"column":45}},"92":{"start":{"line":202,"column":18},"end":{"line":202,"column":20}},"93":{"start":{"line":205,"column":4},"end":{"line":216,"column":7}},"94":{"start":{"line":207,"column":8},"end":{"line":215,"column":9}},"95":{"start":{"line":208,"column":12},"end":{"line":208,"column":30}},"96":{"start":{"line":209,"column":15},"end":{"line":215,"column":9}},"97":{"start":{"line":210,"column":12},"end":{"line":210,"column":31}},"98":{"start":{"line":211,"column":15},"end":{"line":215,"column":9}},"99":{"start":{"line":212,"column":12},"end":{"line":212,"column":39}},"100":{"start":{"line":214,"column":12},"end":{"line":214,"column":31}},"101":{"start":{"line":218,"column":4},"end":{"line":218,"column":17}},"102":{"start":{"line":227,"column":4},"end":{"line":234,"column":7}},"103":{"start":{"line":228,"column":25},"end":{"line":228,"column":50}},"104":{"start":{"line":229,"column":8},"end":{"line":233,"column":9}},"105":{"start":{"line":230,"column":12},"end":{"line":230,"column":43}},"106":{"start":{"line":232,"column":12},"end":{"line":232,"column":46}},"107":{"start":{"line":237,"column":4},"end":{"line":244,"column":7}},"108":{"start":{"line":238,"column":27},"end":{"line":238,"column":52}},"109":{"start":{"line":239,"column":8},"end":{"line":243,"column":9}},"110":{"start":{"line":240,"column":12},"end":{"line":240,"column":43}},"111":{"start":{"line":242,"column":12},"end":{"line":242,"column":46}},"112":{"start":{"line":247,"column":4},"end":{"line":258,"column":7}},"113":{"start":{"line":248,"column":25},"end":{"line":248,"column":34}},"114":{"start":{"line":249,"column":8},"end":{"line":257,"column":9}},"115":{"start":{"line":250,"column":12},"end":{"line":250,"column":43}},"116":{"start":{"line":251,"column":15},"end":{"line":257,"column":9}},"117":{"start":{"line":252,"column":12},"end":{"line":252,"column":43}},"118":{"start":{"line":253,"column":15},"end":{"line":257,"column":9}},"119":{"start":{"line":254,"column":12},"end":{"line":254,"column":43}},"120":{"start":{"line":256,"column":12},"end":{"line":256,"column":46}},"121":{"start":{"line":267,"column":4},"end":{"line":267,"column":75}},"122":{"start":{"line":268,"column":4},"end":{"line":268,"column":77}},"123":{"start":{"line":269,"column":4},"end":{"line":269,"column":77}},"124":{"start":{"line":272,"column":4},"end":{"line":274,"column":5}},"125":{"start":{"line":273,"column":8},"end":{"line":273,"column":76}},"126":{"start":{"line":275,"column":4},"end":{"line":277,"column":5}},"127":{"start":{"line":276,"column":8},"end":{"line":276,"column":78}},"128":{"start":{"line":278,"column":4},"end":{"line":280,"column":5}},"129":{"start":{"line":279,"column":8},"end":{"line":279,"column":78}},"130":{"start":{"line":289,"column":19},"end":{"line":289,"column":36}},"131":{"start":{"line":292,"column":4},"end":{"line":302,"column":5}},"132":{"start":{"line":293,"column":8},"end":{"line":297,"column":9}},"133":{"start":{"line":294,"column":12},"end":{"line":294,"column":34}},"134":{"start":{"line":296,"column":12},"end":{"line":296,"column":47}},"135":{"start":{"line":301,"column":8},"end":{"line":301,"column":43}},"136":{"start":{"line":306,"column":0},"end":{"line":317,"column":2}}},"fnMap":{"0":{"name":"debounce","decl":{"start":{"line":13,"column":16},"end":{"line":13,"column":24}},"loc":{"start":{"line":13,"column":46},"end":{"line":21,"column":1}},"line":13},"1":{"name":"(anonymous_1)","decl":{"start":{"line":15,"column":11},"end":{"line":15,"column":12}},"loc":{"start":{"line":15,"column":24},"end":{"line":20,"column":5}},"line":15},"2":{"name":"(anonymous_2)","decl":{"start":{"line":17,"column":27},"end":{"line":17,"column":28}},"loc":{"start":{"line":17,"column":33},"end":{"line":19,"column":9}},"line":17},"3":{"name":"showLoading","decl":{"start":{"line":27,"column":16},"end":{"line":27,"column":27}},"loc":{"start":{"line":27,"column":55},"end":{"line":70,"column":1}},"line":27},"4":{"name":"hideLoading","decl":{"start":{"line":75,"column":16},"end":{"line":75,"column":27}},"loc":{"start":{"line":75,"column":30},"end":{"line":80,"column":1}},"line":75},"5":{"name":"showToast","decl":{"start":{"line":87,"column":16},"end":{"line":87,"column":25}},"loc":{"start":{"line":87,"column":50},"end":{"line":131,"column":1}},"line":87},"6":{"name":"(anonymous_6)","decl":{"start":{"line":111,"column":42},"end":{"line":111,"column":43}},"loc":{"start":{"line":111,"column":48},"end":{"line":113,"column":5}},"line":111},"7":{"name":"(anonymous_7)","decl":{"start":{"line":128,"column":15},"end":{"line":128,"column":16}},"loc":{"start":{"line":128,"column":21},"end":{"line":130,"column":5}},"line":128},"8":{"name":"createToastContainer","decl":{"start":{"line":133,"column":9},"end":{"line":133,"column":29}},"loc":{"start":{"line":133,"column":32},"end":{"line":142,"column":1}},"line":133},"9":{"name":"getToastHeaderColor","decl":{"start":{"line":144,"column":9},"end":{"line":144,"column":28}},"loc":{"start":{"line":144,"column":35},"end":{"line":152,"column":1}},"line":144},"10":{"name":"getToastTitle","decl":{"start":{"line":154,"column":9},"end":{"line":154,"column":22}},"loc":{"start":{"line":154,"column":29},"end":{"line":162,"column":1}},"line":154},"11":{"name":"toggleActiveButton","decl":{"start":{"line":169,"column":16},"end":{"line":169,"column":34}},"loc":{"start":{"line":169,"column":53},"end":{"line":175,"column":1}},"line":169},"12":{"name":"saveStateToUrl","decl":{"start":{"line":181,"column":16},"end":{"line":181,"column":30}},"loc":{"start":{"line":181,"column":38},"end":{"line":194,"column":1}},"line":181},"13":{"name":"restoreStateFromUrl","decl":{"start":{"line":200,"column":16},"end":{"line":200,"column":35}},"loc":{"start":{"line":200,"column":38},"end":{"line":219,"column":1}},"line":200},"14":{"name":"(anonymous_14)","decl":{"start":{"line":205,"column":29},"end":{"line":205,"column":30}},"loc":{"start":{"line":205,"column":45},"end":{"line":216,"column":5}},"line":205},"15":{"name":"updateActiveButtonStates","decl":{"start":{"line":225,"column":16},"end":{"line":225,"column":40}},"loc":{"start":{"line":225,"column":56},"end":{"line":259,"column":1}},"line":225},"16":{"name":"(anonymous_16)","decl":{"start":{"line":227,"column":67},"end":{"line":227,"column":68}},"loc":{"start":{"line":227,"column":77},"end":{"line":234,"column":5}},"line":227},"17":{"name":"(anonymous_17)","decl":{"start":{"line":237,"column":69},"end":{"line":237,"column":70}},"loc":{"start":{"line":237,"column":79},"end":{"line":244,"column":5}},"line":237},"18":{"name":"(anonymous_18)","decl":{"start":{"line":247,"column":257},"end":{"line":247,"column":258}},"loc":{"start":{"line":247,"column":267},"end":{"line":258,"column":5}},"line":247},"19":{"name":"updateMainFilterButtons","decl":{"start":{"line":265,"column":16},"end":{"line":265,"column":39}},"loc":{"start":{"line":265,"column":55},"end":{"line":281,"column":1}},"line":265},"20":{"name":"goBackOrRedirect","decl":{"start":{"line":287,"column":16},"end":{"line":287,"column":32}},"loc":{"start":{"line":287,"column":46},"end":{"line":303,"column":1}},"line":287}},"branchMap":{"0":{"loc":{"start":{"line":13,"column":31},"end":{"line":13,"column":44}},"type":"default-arg","locations":[{"start":{"line":13,"column":41},"end":{"line":13,"column":44}}],"line":13},"1":{"loc":{"start":{"line":27,"column":28},"end":{"line":27,"column":53}},"type":"default-arg","locations":[{"start":{"line":27,"column":38},"end":{"line":27,"column":53}}],"line":27},"2":{"loc":{"start":{"line":33,"column":4},"end":{"line":69,"column":5}},"type":"if","locations":[{"start":{"line":33,"column":4},"end":{"line":69,"column":5}},{"start":{"line":63,"column":11},"end":{"line":69,"column":5}}],"line":33},"3":{"loc":{"start":{"line":65,"column":8},"end":{"line":67,"column":9}},"type":"if","locations":[{"start":{"line":65,"column":8},"end":{"line":67,"column":9}},{"start":{},"end":{}}],"line":65},"4":{"loc":{"start":{"line":77,"column":4},"end":{"line":79,"column":5}},"type":"if","locations":[{"start":{"line":77,"column":4},"end":{"line":79,"column":5}},{"start":{},"end":{}}],"line":77},"5":{"loc":{"start":{"line":87,"column":35},"end":{"line":87,"column":48}},"type":"default-arg","locations":[{"start":{"line":87,"column":42},"end":{"line":87,"column":48}}],"line":87},"6":{"loc":{"start":{"line":90,"column":27},"end":{"line":90,"column":95}},"type":"binary-expr","locations":[{"start":{"line":90,"column":27},"end":{"line":90,"column":69}},{"start":{"line":90,"column":73},"end":{"line":90,"column":95}}],"line":90},"7":{"loc":{"start":{"line":151,"column":11},"end":{"line":151,"column":41}},"type":"binary-expr","locations":[{"start":{"line":151,"column":11},"end":{"line":151,"column":23}},{"start":{"line":151,"column":27},"end":{"line":151,"column":41}}],"line":151},"8":{"loc":{"start":{"line":161,"column":11},"end":{"line":161,"column":41}},"type":"binary-expr","locations":[{"start":{"line":161,"column":11},"end":{"line":161,"column":23}},{"start":{"line":161,"column":27},"end":{"line":161,"column":41}}],"line":161},"9":{"loc":{"start":{"line":170,"column":4},"end":{"line":174,"column":5}},"type":"if","locations":[{"start":{"line":170,"column":4},"end":{"line":174,"column":5}},{"start":{"line":172,"column":11},"end":{"line":174,"column":5}}],"line":170},"10":{"loc":{"start":{"line":186,"column":8},"end":{"line":190,"column":9}},"type":"if","locations":[{"start":{"line":186,"column":8},"end":{"line":190,"column":9}},{"start":{"line":188,"column":15},"end":{"line":190,"column":9}}],"line":186},"11":{"loc":{"start":{"line":186,"column":12},"end":{"line":186,"column":65}},"type":"binary-expr","locations":[{"start":{"line":186,"column":12},"end":{"line":186,"column":26}},{"start":{"line":186,"column":30},"end":{"line":186,"column":49}},{"start":{"line":186,"column":53},"end":{"line":186,"column":65}}],"line":186},"12":{"loc":{"start":{"line":207,"column":8},"end":{"line":215,"column":9}},"type":"if","locations":[{"start":{"line":207,"column":8},"end":{"line":215,"column":9}},{"start":{"line":209,"column":15},"end":{"line":215,"column":9}}],"line":207},"13":{"loc":{"start":{"line":209,"column":15},"end":{"line":215,"column":9}},"type":"if","locations":[{"start":{"line":209,"column":15},"end":{"line":215,"column":9}},{"start":{"line":211,"column":15},"end":{"line":215,"column":9}}],"line":209},"14":{"loc":{"start":{"line":211,"column":15},"end":{"line":215,"column":9}},"type":"if","locations":[{"start":{"line":211,"column":15},"end":{"line":215,"column":9}},{"start":{"line":213,"column":15},"end":{"line":215,"column":9}}],"line":211},"15":{"loc":{"start":{"line":229,"column":8},"end":{"line":233,"column":9}},"type":"if","locations":[{"start":{"line":229,"column":8},"end":{"line":233,"column":9}},{"start":{"line":231,"column":15},"end":{"line":233,"column":9}}],"line":229},"16":{"loc":{"start":{"line":239,"column":8},"end":{"line":243,"column":9}},"type":"if","locations":[{"start":{"line":239,"column":8},"end":{"line":243,"column":9}},{"start":{"line":241,"column":15},"end":{"line":243,"column":9}}],"line":239},"17":{"loc":{"start":{"line":249,"column":8},"end":{"line":257,"column":9}},"type":"if","locations":[{"start":{"line":249,"column":8},"end":{"line":257,"column":9}},{"start":{"line":251,"column":15},"end":{"line":257,"column":9}}],"line":249},"18":{"loc":{"start":{"line":249,"column":12},"end":{"line":249,"column":66}},"type":"binary-expr","locations":[{"start":{"line":249,"column":12},"end":{"line":249,"column":41}},{"start":{"line":249,"column":45},"end":{"line":249,"column":66}}],"line":249},"19":{"loc":{"start":{"line":251,"column":15},"end":{"line":257,"column":9}},"type":"if","locations":[{"start":{"line":251,"column":15},"end":{"line":257,"column":9}},{"start":{"line":253,"column":15},"end":{"line":257,"column":9}}],"line":251},"20":{"loc":{"start":{"line":251,"column":19},"end":{"line":251,"column":77}},"type":"binary-expr","locations":[{"start":{"line":251,"column":19},"end":{"line":251,"column":50}},{"start":{"line":251,"column":54},"end":{"line":251,"column":77}}],"line":251},"21":{"loc":{"start":{"line":253,"column":15},"end":{"line":257,"column":9}},"type":"if","locations":[{"start":{"line":253,"column":15},"end":{"line":257,"column":9}},{"start":{"line":255,"column":15},"end":{"line":257,"column":9}}],"line":253},"22":{"loc":{"start":{"line":253,"column":19},"end":{"line":253,"column":69}},"type":"binary-expr","locations":[{"start":{"line":253,"column":19},"end":{"line":253,"column":46}},{"start":{"line":253,"column":50},"end":{"line":253,"column":69}}],"line":253},"23":{"loc":{"start":{"line":272,"column":4},"end":{"line":274,"column":5}},"type":"if","locations":[{"start":{"line":272,"column":4},"end":{"line":274,"column":5}},{"start":{},"end":{}}],"line":272},"24":{"loc":{"start":{"line":275,"column":4},"end":{"line":277,"column":5}},"type":"if","locations":[{"start":{"line":275,"column":4},"end":{"line":277,"column":5}},{"start":{},"end":{}}],"line":275},"25":{"loc":{"start":{"line":278,"column":4},"end":{"line":280,"column":5}},"type":"if","locations":[{"start":{"line":278,"column":4},"end":{"line":280,"column":5}},{"start":{},"end":{}}],"line":278},"26":{"loc":{"start":{"line":278,"column":8},"end":{"line":278,"column":79}},"type":"binary-expr","locations":[{"start":{"line":278,"column":8},"end":{"line":278,"column":29}},{"start":{"line":278,"column":33},"end":{"line":278,"column":56}},{"start":{"line":278,"column":60},"end":{"line":278,"column":79}}],"line":278},"27":{"loc":{"start":{"line":292,"column":4},"end":{"line":302,"column":5}},"type":"if","locations":[{"start":{"line":292,"column":4},"end":{"line":302,"column":5}},{"start":{"line":298,"column":11},"end":{"line":302,"column":5}}],"line":292},"28":{"loc":{"start":{"line":292,"column":8},"end":{"line":292,"column":59}},"type":"binary-expr","locations":[{"start":{"line":292,"column":8},"end":{"line":292,"column":16}},{"start":{"line":292,"column":20},"end":{"line":292,"column":59}}],"line":292}},"s":{"0":9,"1":10,"2":10,"3":6,"4":14,"5":14,"6":14,"7":5,"8":5,"9":5,"10":5,"11":5,"12":5,"13":5,"14":5,"15":5,"16":5,"17":5,"18":5,"19":5,"20":5,"21":5,"22":5,"23":5,"24":5,"25":5,"26":5,"27":5,"28":5,"29":5,"30":5,"31":5,"32":5,"33":9,"34":9,"35":9,"36":9,"37":14,"38":14,"39":14,"40":7,"41":7,"42":7,"43":7,"44":7,"45":7,"46":7,"47":7,"48":7,"49":7,"50":7,"51":7,"52":7,"53":7,"54":7,"55":7,"56":7,"57":7,"58":7,"59":0,"60":7,"61":7,"62":7,"63":7,"64":7,"65":7,"66":7,"67":7,"68":7,"69":0,"70":1,"71":1,"72":1,"73":1,"74":1,"75":1,"76":1,"77":1,"78":7,"79":7,"80":7,"81":7,"82":0,"83":0,"84":0,"85":0,"86":0,"87":0,"88":0,"89":0,"90":0,"91":1,"92":1,"93":1,"94":0,"95":0,"96":0,"97":0,"98":0,"99":0,"100":0,"101":1,"102":0,"103":0,"104":0,"105":0,"106":0,"107":0,"108":0,"109":0,"110":0,"111":0,"112":0,"113":0,"114":0,"115":0,"116":0,"117":0,"118":0,"119":0,"120":0,"121":0,"122":0,"123":0,"124":0,"125":0,"126":0,"127":0,"128":0,"129":0,"130":0,"131":0,"132":0,"133":0,"134":0,"135":0,"136":4},"f":{"0":9,"1":10,"2":6,"3":14,"4":14,"5":7,"6":0,"7":0,"8":1,"9":7,"10":7,"11":0,"12":0,"13":1,"14":0,"15":0,"16":0,"17":0,"18":0,"19":0,"20":0},"b":{"0":[7],"1":[0],"2":[5,9],"3":[9,0],"4":[14,0],"5":[0],"6":[7,1],"7":[7,0],"8":[7,0],"9":[0,0],"10":[0,0],"11":[0,0,0],"12":[0,0],"13":[0,0],"14":[0,0],"15":[0,0],"16":[0,0],"17":[0,0],"18":[0,0],"19":[0,0],"20":[0,0],"21":[0,0],"22":[0,0],"23":[0,0],"24":[0,0],"25":[0,0],"26":[0,0,0],"27":[0,0],"28":[0,0]},"_coverageSchema":"1a1c01bbd47fc00a2c39e90264f33305004495a9","hash":"149ad77d55584e133778160d73e2e94d6e176cbf"}
}
