TN:
SF:app/static/js/api.js
FN:15,fetchWithErrorHandling
FN:29,(anonymous_1)
FN:50,fetchEtablissements
FN:59,fetchVilles
FN:68,checkEtablissementExists
FN:80,extractAddressInfo
FN:92,fetchInfowindowContent
FN:117,submitEtablissement
FN:130,updateEtablissement
FN:142,deleteEtablissement
FNF:10
FNH:3
FNDA:9,fetchWithErrorHandling
FNDA:0,(anonymous_1)
FNDA:2,fetchEtablissements
FNDA:3,fetchVilles
FNDA:0,checkEtablissementExists
FNDA:0,extractAddressInfo
FNDA:0,fetchInfowindowContent
FNDA:0,submitEtablissement
FNDA:0,updateEtablissement
FNDA:0,deleteEtablissement
DA:16,9
DA:17,9
DA:18,9
DA:20,9
DA:28,8
DA:29,3
DA:30,3
DA:31,3
DA:34,5
DA:35,4
DA:36,4
DA:38,5
DA:39,5
DA:40,5
DA:42,9
DA:51,2
DA:60,3
DA:69,0
DA:81,0
DA:93,0
DA:94,0
DA:95,0
DA:97,0
DA:98,0
DA:101,0
DA:102,0
DA:104,0
DA:105,0
DA:106,0
DA:108,0
DA:118,0
DA:131,0
DA:143,0
DA:149,2
LF:34
LH:18
BRDA:15,0,0,9
BRDA:28,1,0,3
BRDA:28,1,1,5
BRDA:30,2,0,3
BRDA:30,2,1,3
BRDA:97,3,0,0
BRDA:97,3,1,0
BRF:7
BRH:5
end_of_record
TN:
SF:app/static/js/autocomplete.js
FN:15,initAutocomplete
FN:30,syncWithHiddenField
FN:44,showResults
FN:58,(anonymous_3)
FN:62,(anonymous_4)
FN:75,(anonymous_5)
FN:76,(anonymous_6)
FN:93,(anonymous_7)
FN:104,(anonymous_8)
FN:107,(anonymous_9)
FN:129,fetchVilles
FN:168,(anonymous_11)
FN:173,(anonymous_12)
FN:181,(anonymous_13)
FN:187,(anonymous_14)
FN:196,(anonymous_15)
FN:212,initGooglePlacesAutocomplete
FN:213,(anonymous_17)
FN:221,(anonymous_18)
FN:225,(anonymous_19)
FN:234,initializeAutocomplete
FN:246,(anonymous_21)
FN:311,(anonymous_22)
FN:318,(anonymous_23)
FN:330,(anonymous_24)
FN:347,(anonymous_25)
FN:348,(anonymous_26)
FN:365,(anonymous_27)
FN:370,(anonymous_28)
FN:390,zoomToLocation
FNF:30
FNH:13
FNDA:9,initAutocomplete
FNDA:4,syncWithHiddenField
FNDA:3,showResults
FNDA:4,(anonymous_3)
FNDA:1,(anonymous_4)
FNDA:1,(anonymous_5)
FNDA:1,(anonymous_6)
FNDA:1,(anonymous_7)
FNDA:0,(anonymous_8)
FNDA:0,(anonymous_9)
FNDA:4,fetchVilles
FNDA:4,(anonymous_11)
FNDA:4,(anonymous_12)
FNDA:4,(anonymous_13)
FNDA:0,(anonymous_14)
FNDA:0,(anonymous_15)
FNDA:0,initGooglePlacesAutocomplete
FNDA:0,(anonymous_17)
FNDA:0,(anonymous_18)
FNDA:0,(anonymous_19)
FNDA:0,initializeAutocomplete
FNDA:0,(anonymous_21)
FNDA:0,(anonymous_22)
FNDA:0,(anonymous_23)
FNDA:0,(anonymous_24)
FNDA:0,(anonymous_25)
FNDA:0,(anonymous_26)
FNDA:0,(anonymous_27)
FNDA:0,(anonymous_28)
FNDA:1,zoomToLocation
DA:16,9
DA:17,9
DA:18,9
DA:20,9
DA:21,2
DA:22,2
DA:25,7
DA:31,4
DA:32,4
DA:33,4
DA:34,4
DA:36,0
DA:45,3
DA:46,3
DA:48,3
DA:49,0
DA:50,0
DA:51,0
DA:52,0
DA:53,0
DA:54,0
DA:57,3
DA:58,3
DA:59,4
DA:60,4
DA:61,4
DA:62,4
DA:63,1
DA:64,1
DA:65,1
DA:66,1
DA:67,1
DA:69,0
DA:71,1
DA:74,1
DA:75,1
DA:77,1
DA:78,1
DA:79,1
DA:80,1
DA:81,1
DA:84,1
DA:85,1
DA:87,0
DA:93,1
DA:94,1
DA:95,1
DA:96,1
DA:97,1
DA:98,1
DA:100,0
DA:105,0
DA:107,0
DA:108,0
DA:109,0
DA:110,0
DA:115,4
DA:118,3
DA:119,3
DA:120,3
DA:121,3
DA:130,4
DA:132,4
DA:133,0
DA:134,0
DA:135,0
DA:138,4
DA:139,4
DA:140,4
DA:141,4
DA:144,4
DA:146,4
DA:147,1
DA:150,3
DA:151,3
DA:152,3
DA:153,3
DA:155,1
DA:156,1
DA:157,1
DA:158,1
DA:159,1
DA:160,1
DA:161,1
DA:162,1
DA:167,7
DA:168,7
DA:169,4
DA:172,4
DA:173,4
DA:174,4
DA:177,4
DA:181,7
DA:182,4
DA:183,4
DA:187,7
DA:188,0
DA:189,0
DA:190,0
DA:191,0
DA:196,7
DA:197,0
DA:198,0
DA:202,7
DA:204,7
DA:213,0
DA:215,0
DA:217,0
DA:218,0
DA:219,0
DA:220,0
DA:221,0
DA:222,0
DA:225,0
DA:226,0
DA:229,0
DA:235,0
DA:236,0
DA:237,0
DA:238,0
DA:241,0
DA:246,0
DA:247,0
DA:248,0
DA:249,0
DA:251,0
DA:252,0
DA:255,0
DA:256,0
DA:259,0
DA:260,0
DA:261,0
DA:264,0
DA:265,0
DA:267,0
DA:269,0
DA:271,0
DA:275,0
DA:279,0
DA:285,0
DA:286,0
DA:287,0
DA:291,0
DA:295,0
DA:299,0
DA:302,0
DA:312,0
DA:313,0
DA:314,0
DA:316,0
DA:319,0
DA:320,0
DA:321,0
DA:322,0
DA:324,0
DA:325,0
DA:326,0
DA:327,0
DA:329,0
DA:330,0
DA:331,0
DA:332,0
DA:333,0
DA:334,0
DA:338,0
DA:347,0
DA:349,0
DA:351,0
DA:353,0
DA:357,0
DA:358,0
DA:366,0
DA:367,0
DA:371,0
DA:372,0
DA:376,0
DA:378,0
DA:379,0
DA:380,0
DA:391,1
DA:394,1
DA:395,0
DA:396,0
DA:397,0
DA:400,0
DA:401,0
DA:403,0
DA:410,0
DA:411,0
DA:412,0
DA:413,0
DA:414,0
DA:415,0
DA:416,0
DA:421,1
DA:422,0
DA:423,0
DA:426,0
DA:427,0
DA:429,0
DA:435,1
DA:436,1
DA:441,2
LF:203
LH:87
BRDA:15,0,0,9
BRDA:20,1,0,2
BRDA:20,1,1,7
BRDA:20,2,0,9
BRDA:20,2,1,7
BRDA:32,3,0,4
BRDA:32,3,1,0
BRDA:48,4,0,0
BRDA:48,4,1,3
BRDA:65,5,0,1
BRDA:65,5,1,0
BRDA:77,6,0,1
BRDA:77,6,1,0
BRDA:79,7,0,1
BRDA:79,7,1,0
BRDA:84,8,0,1
BRDA:84,8,1,0
BRDA:95,9,0,1
BRDA:95,9,1,0
BRDA:109,10,0,0
BRDA:109,10,1,0
BRDA:132,11,0,0
BRDA:132,11,1,4
BRDA:146,12,0,1
BRDA:146,12,1,3
BRDA:189,13,0,0
BRDA:189,13,1,0
BRDA:197,14,0,0
BRDA:197,14,1,0
BRDA:215,15,0,0
BRDA:215,15,1,0
BRDA:215,16,0,0
BRDA:215,16,1,0
BRDA:215,16,2,0
BRDA:237,17,0,0
BRDA:237,17,1,0
BRDA:251,18,0,0
BRDA:251,18,1,0
BRDA:264,19,0,0
BRDA:264,19,1,0
BRDA:266,20,0,0
BRDA:266,20,1,0
BRDA:272,21,0,0
BRDA:272,21,1,0
BRDA:312,22,0,0
BRDA:312,22,1,0
BRDA:319,23,0,0
BRDA:319,23,1,0
BRDA:324,24,0,0
BRDA:324,24,1,0
BRDA:350,25,0,0
BRDA:350,25,1,0
BRDA:352,26,0,0
BRDA:352,26,1,0
BRDA:354,27,0,0
BRDA:354,27,1,0
BRDA:357,28,0,0
BRDA:357,28,1,0
BRDA:394,29,0,0
BRDA:394,29,1,1
BRDA:394,30,0,1
BRDA:394,30,1,0
BRDA:394,30,2,0
BRDA:400,31,0,0
BRDA:400,31,1,0
BRDA:411,32,0,0
BRDA:411,32,1,0
BRDA:414,33,0,0
BRDA:414,33,1,0
BRDA:414,34,0,0
BRDA:414,34,1,0
BRDA:421,35,0,0
BRDA:421,35,1,1
BRDA:421,36,0,1
BRDA:421,36,1,0
BRDA:426,37,0,0
BRDA:426,37,1,0
BRF:77
BRH:19
end_of_record
TN:
SF:app/static/js/base.js
FN:6,goBackOrRedirect
FN:25,(anonymous_1)
FN:28,(anonymous_2)
FNF:3
FNH:0
FNDA:0,goBackOrRedirect
FNDA:0,(anonymous_1)
FNDA:0,(anonymous_2)
DA:8,0
DA:11,0
DA:12,0
DA:13,0
DA:15,0
DA:20,0
DA:25,1
DA:26,0
DA:27,0
DA:28,0
DA:29,0
DA:30,0
DA:33,0
DA:34,0
DA:35,0
LF:15
LH:1
BRDA:11,0,0,0
BRDA:11,0,1,0
BRDA:11,1,0,0
BRDA:11,1,1,0
BRDA:27,2,0,0
BRDA:27,2,1,0
BRDA:33,3,0,0
BRDA:33,3,1,0
BRF:8
BRH:0
end_of_record
TN:
SF:app/static/js/dashboard.js
FN:4,showDeleteAccountForm
FN:23,cancelDeleteAccount
FN:37,(anonymous_2)
FN:47,toggleSection
FN:57,initDashboardEventListeners
FN:62,(anonymous_5)
FN:75,(anonymous_6)
FNF:7
FNH:4
FNDA:2,showDeleteAccountForm
FNDA:1,cancelDeleteAccount
FNDA:0,(anonymous_2)
FNDA:0,toggleSection
FNDA:4,initDashboardEventListeners
FNDA:1,(anonymous_5)
FNDA:0,(anonymous_6)
DA:5,2
DA:6,2
DA:8,2
DA:9,2
DA:10,2
DA:12,0
DA:24,1
DA:25,1
DA:26,1
DA:28,1
DA:29,1
DA:30,1
DA:32,0
DA:37,2
DA:38,0
DA:39,0
DA:48,0
DA:49,0
DA:50,0
DA:52,0
DA:58,4
DA:59,4
DA:61,4
DA:62,4
DA:63,1
DA:64,1
DA:65,1
DA:66,1
DA:67,1
DA:69,0
DA:74,4
DA:75,3
DA:76,0
DA:77,0
DA:78,0
DA:79,0
DA:80,0
DA:82,0
DA:92,2
DA:93,2
DA:102,2
LF:41
LH:26
BRDA:8,0,0,2
BRDA:8,0,1,0
BRDA:8,1,0,2
BRDA:8,1,1,2
BRDA:25,2,0,1
BRDA:25,2,1,0
BRDA:38,3,0,0
BRDA:38,3,1,0
BRDA:49,4,0,0
BRDA:49,4,1,0
BRDA:61,5,0,4
BRDA:61,5,1,0
BRDA:65,6,0,1
BRDA:65,6,1,0
BRDA:65,7,0,1
BRDA:65,7,1,1
BRDA:74,8,0,3
BRDA:74,8,1,1
BRDA:78,9,0,0
BRDA:78,9,1,0
BRDA:78,10,0,0
BRDA:78,10,1,0
BRDA:92,11,0,2
BRDA:92,11,1,0
BRF:24
BRH:11
end_of_record
TN:
SF:app/static/js/filters.js
FN:23,updateMarkersBasedOnFilters
FN:35,setupPateButtons
FN:44,(anonymous_2)
FN:47,(anonymous_3)
FN:64,setupSaveurButtons
FN:74,(anonymous_5)
FN:77,(anonymous_6)
FN:94,setupStatutButtons
FN:101,(anonymous_8)
FN:104,(anonymous_9)
FN:110,(anonymous_10)
FN:111,(anonymous_11)
FN:128,setupFilterButtons
FN:131,(anonymous_13)
FN:137,(anonymous_14)
FN:155,(anonymous_15)
FN:182,(anonymous_16)
FN:210,(anonymous_17)
FN:232,(anonymous_18)
FN:251,restoreFiltersFromUrl
FN:282,getActiveFilters
FN:290,setActiveFilters
FNF:22
FNH:0
FNDA:0,updateMarkersBasedOnFilters
FNDA:0,setupPateButtons
FNDA:0,(anonymous_2)
FNDA:0,(anonymous_3)
FNDA:0,setupSaveurButtons
FNDA:0,(anonymous_5)
FNDA:0,(anonymous_6)
FNDA:0,setupStatutButtons
FNDA:0,(anonymous_8)
FNDA:0,(anonymous_9)
FNDA:0,(anonymous_10)
FNDA:0,(anonymous_11)
FNDA:0,setupFilterButtons
FNDA:0,(anonymous_13)
FNDA:0,(anonymous_14)
FNDA:0,(anonymous_15)
FNDA:0,(anonymous_16)
FNDA:0,(anonymous_17)
FNDA:0,(anonymous_18)
FNDA:0,restoreFiltersFromUrl
FNDA:0,getActiveFilters
FNDA:0,setActiveFilters
DA:11,1
DA:25,0
DA:27,0
DA:28,0
DA:29,0
DA:36,0
DA:44,0
DA:45,0
DA:46,0
DA:47,0
DA:48,0
DA:49,0
DA:51,0
DA:52,0
DA:55,0
DA:65,0
DA:74,0
DA:75,0
DA:76,0
DA:77,0
DA:78,0
DA:79,0
DA:81,0
DA:82,0
DA:85,0
DA:95,0
DA:101,0
DA:102,0
DA:103,0
DA:104,0
DA:105,0
DA:106,0
DA:109,0
DA:110,0
DA:111,0
DA:115,0
DA:116,0
DA:119,0
DA:130,0
DA:131,0
DA:132,0
DA:135,0
DA:136,0
DA:137,0
DA:138,0
DA:139,0
DA:140,0
DA:141,0
DA:142,0
DA:144,0
DA:145,0
DA:148,0
DA:153,0
DA:154,0
DA:155,0
DA:156,0
DA:157,0
DA:158,0
DA:159,0
DA:161,0
DA:170,0
DA:171,0
DA:172,0
DA:173,0
DA:180,0
DA:181,0
DA:182,0
DA:183,0
DA:184,0
DA:185,0
DA:186,0
DA:188,0
DA:198,0
DA:199,0
DA:200,0
DA:201,0
DA:208,0
DA:209,0
DA:210,0
DA:211,0
DA:212,0
DA:213,0
DA:214,0
DA:216,0
DA:223,0
DA:224,0
DA:225,0
DA:226,0
DA:232,0
DA:233,0
DA:234,0
DA:235,0
DA:236,0
DA:239,0
DA:243,0
DA:252,0
DA:255,0
DA:256,0
DA:259,0
DA:260,0
DA:263,0
DA:264,0
DA:267,0
DA:268,0
DA:271,0
DA:272,0
DA:275,0
DA:283,0
DA:291,0
DA:295,1
LF:110
LH:2
BRDA:46,0,0,0
BRDA:46,0,1,0
BRDA:49,1,0,0
BRDA:49,1,1,0
BRDA:76,2,0,0
BRDA:76,2,1,0
BRDA:79,3,0,0
BRDA:79,3,1,0
BRDA:103,4,0,0
BRDA:103,4,1,0
BRDA:109,5,0,0
BRDA:109,5,1,0
BRDA:136,6,0,0
BRDA:136,6,1,0
BRDA:141,7,0,0
BRDA:141,7,1,0
BRDA:154,8,0,0
BRDA:154,8,1,0
BRDA:157,9,0,0
BRDA:157,9,1,0
BRDA:158,10,0,0
BRDA:158,10,1,0
BRDA:158,11,0,0
BRDA:158,11,1,0
BRDA:181,12,0,0
BRDA:181,12,1,0
BRDA:184,13,0,0
BRDA:184,13,1,0
BRDA:185,14,0,0
BRDA:185,14,1,0
BRDA:185,15,0,0
BRDA:185,15,1,0
BRDA:209,16,0,0
BRDA:209,16,1,0
BRDA:212,17,0,0
BRDA:212,17,1,0
BRDA:213,18,0,0
BRDA:213,18,1,0
BRDA:213,19,0,0
BRDA:213,19,1,0
BRDA:239,20,0,0
BRDA:239,20,1,0
BRDA:239,21,0,0
BRDA:239,21,1,0
BRDA:239,21,2,0
BRDA:239,21,3,0
BRDA:239,21,4,0
BRDA:255,22,0,0
BRDA:255,22,1,0
BRDA:259,23,0,0
BRDA:259,23,1,0
BRDA:263,24,0,0
BRDA:263,24,1,0
BRDA:267,25,0,0
BRDA:267,25,1,0
BRDA:271,26,0,0
BRDA:271,26,1,0
BRF:57
BRH:0
end_of_record
TN:
SF:app/static/js/geolocation.js
FN:19,(anonymous_0)
FN:41,(anonymous_1)
FN:42,(anonymous_2)
FN:54,(anonymous_3)
FN:59,(anonymous_4)
FN:77,(anonymous_5)
FN:111,(anonymous_6)
FN:125,(anonymous_7)
FN:137,(anonymous_8)
FN:155,(anonymous_9)
FN:166,(anonymous_10)
FN:200,(anonymous_11)
FN:217,(anonymous_12)
FN:225,(anonymous_13)
FN:232,(anonymous_14)
FN:240,(anonymous_15)
FN:248,(anonymous_16)
FN:256,(anonymous_17)
FN:270,getUserLocationSimple
FN:271,(anonymous_19)
FN:278,(anonymous_20)
FN:279,(anonymous_21)
FNF:22
FNH:4
FNDA:0,(anonymous_0)
FNDA:0,(anonymous_1)
FNDA:0,(anonymous_2)
FNDA:0,(anonymous_3)
FNDA:0,(anonymous_4)
FNDA:0,(anonymous_5)
FNDA:0,(anonymous_6)
FNDA:0,(anonymous_7)
FNDA:0,(anonymous_8)
FNDA:0,(anonymous_9)
FNDA:0,(anonymous_10)
FNDA:0,(anonymous_11)
FNDA:0,(anonymous_12)
FNDA:0,(anonymous_13)
FNDA:0,(anonymous_14)
FNDA:0,(anonymous_15)
FNDA:0,(anonymous_16)
FNDA:0,(anonymous_17)
FNDA:2,getUserLocationSimple
FNDA:2,(anonymous_19)
FNDA:1,(anonymous_20)
FNDA:1,(anonymous_21)
DA:20,0
DA:21,0
DA:22,0
DA:23,0
DA:30,0
DA:42,0
DA:43,0
DA:44,0
DA:45,0
DA:46,0
DA:47,0
DA:51,0
DA:53,0
DA:55,0
DA:56,0
DA:57,0
DA:60,0
DA:61,0
DA:62,0
DA:78,0
DA:79,0
DA:80,0
DA:83,0
DA:86,0
DA:89,0
DA:90,0
DA:92,0
DA:96,0
DA:112,0
DA:113,0
DA:115,0
DA:122,0
DA:125,0
DA:126,0
DA:138,0
DA:139,0
DA:140,0
DA:142,0
DA:156,0
DA:157,0
DA:158,0
DA:168,0
DA:170,0
DA:171,0
DA:173,0
DA:174,0
DA:176,0
DA:177,0
DA:179,0
DA:182,0
DA:185,0
DA:188,0
DA:201,0
DA:202,0
DA:203,0
DA:205,0
DA:208,0
DA:209,0
DA:218,0
DA:226,0
DA:233,0
DA:241,0
DA:249,0
DA:250,0
DA:257,0
DA:258,0
DA:259,0
DA:261,0
DA:271,2
DA:272,2
DA:273,0
DA:274,0
DA:277,2
DA:278,1
DA:279,1
DA:290,1
DA:291,1
LF:77
LH:7
BRDA:19,0,0,0
BRDA:24,1,0,0
BRDA:24,1,1,0
BRDA:25,2,0,0
BRDA:25,2,1,0
BRDA:43,3,0,0
BRDA:43,3,1,0
BRDA:89,4,0,0
BRDA:89,4,1,0
BRDA:89,5,0,0
BRDA:89,5,1,0
BRDA:112,6,0,0
BRDA:112,6,1,0
BRDA:138,7,0,0
BRDA:138,7,1,0
BRDA:156,8,0,0
BRDA:156,8,1,0
BRDA:168,9,0,0
BRDA:168,9,1,0
BRDA:168,9,2,0
BRDA:168,9,3,0
BRDA:257,10,0,0
BRDA:257,10,1,0
BRDA:272,11,0,0
BRDA:272,11,1,2
BRF:25
BRH:1
end_of_record
TN:
SF:app/static/js/index.js
FN:6,initAutocomplete
FN:24,debounce
FN:26,(anonymous_2)
FN:28,(anonymous_3)
FN:37,syncWithHiddenField
FN:50,showLoading
FN:63,showResults
FN:77,(anonymous_7)
FN:81,(anonymous_8)
FN:94,(anonymous_9)
FN:95,(anonymous_10)
FN:128,(anonymous_11)
FN:151,fetchVilles
FN:188,(anonymous_13)
FN:193,(anonymous_14)
FN:201,(anonymous_15)
FN:207,(anonymous_16)
FN:216,(anonymous_17)
FN:232,getUserLocationSimple
FN:233,(anonymous_19)
FN:240,(anonymous_20)
FN:241,(anonymous_21)
FN:254,initGeolocButton
FN:258,(anonymous_23)
FN:270,(anonymous_24)
FN:299,(anonymous_25)
FN:323,restoreButtonState
FN:343,zoomToLocation
FNF:28
FNH:0
FNDA:0,initAutocomplete
FNDA:0,debounce
FNDA:0,(anonymous_2)
FNDA:0,(anonymous_3)
FNDA:0,syncWithHiddenField
FNDA:0,showLoading
FNDA:0,showResults
FNDA:0,(anonymous_7)
FNDA:0,(anonymous_8)
FNDA:0,(anonymous_9)
FNDA:0,(anonymous_10)
FNDA:0,(anonymous_11)
FNDA:0,fetchVilles
FNDA:0,(anonymous_13)
FNDA:0,(anonymous_14)
FNDA:0,(anonymous_15)
FNDA:0,(anonymous_16)
FNDA:0,(anonymous_17)
FNDA:0,getUserLocationSimple
FNDA:0,(anonymous_19)
FNDA:0,(anonymous_20)
FNDA:0,(anonymous_21)
FNDA:0,initGeolocButton
FNDA:0,(anonymous_23)
FNDA:0,(anonymous_24)
FNDA:0,(anonymous_25)
FNDA:0,restoreButtonState
FNDA:0,zoomToLocation
DA:7,0
DA:8,0
DA:9,0
DA:11,0
DA:12,0
DA:13,0
DA:16,0
DA:26,0
DA:27,0
DA:28,0
DA:29,0
DA:38,0
DA:39,0
DA:40,0
DA:41,0
DA:43,0
DA:51,0
DA:52,0
DA:53,0
DA:54,0
DA:55,0
DA:56,0
DA:64,0
DA:65,0
DA:67,0
DA:68,0
DA:69,0
DA:70,0
DA:71,0
DA:72,0
DA:73,0
DA:76,0
DA:77,0
DA:78,0
DA:79,0
DA:80,0
DA:81,0
DA:82,0
DA:83,0
DA:84,0
DA:85,0
DA:86,0
DA:88,0
DA:90,0
DA:93,0
DA:94,0
DA:96,0
DA:97,0
DA:98,0
DA:99,0
DA:100,0
DA:103,0
DA:104,0
DA:105,0
DA:106,0
DA:107,0
DA:111,0
DA:112,0
DA:113,0
DA:114,0
DA:115,0
DA:117,0
DA:118,0
DA:123,0
DA:124,0
DA:125,0
DA:129,0
DA:131,0
DA:132,0
DA:133,0
DA:137,0
DA:140,0
DA:141,0
DA:142,0
DA:143,0
DA:152,0
DA:154,0
DA:155,0
DA:156,0
DA:157,0
DA:160,0
DA:161,0
DA:162,0
DA:163,0
DA:166,0
DA:168,0
DA:169,0
DA:172,0
DA:173,0
DA:174,0
DA:176,0
DA:177,0
DA:178,0
DA:179,0
DA:180,0
DA:181,0
DA:182,0
DA:187,0
DA:188,0
DA:189,0
DA:192,0
DA:193,0
DA:194,0
DA:197,0
DA:201,0
DA:202,0
DA:203,0
DA:207,0
DA:208,0
DA:209,0
DA:210,0
DA:211,0
DA:216,0
DA:217,0
DA:218,0
DA:222,0
DA:224,0
DA:233,0
DA:234,0
DA:235,0
DA:236,0
DA:239,0
DA:240,0
DA:241,0
DA:255,0
DA:256,0
DA:258,0
DA:260,0
DA:261,0
DA:264,0
DA:266,0
DA:269,0
DA:272,0
DA:275,0
DA:279,0
DA:280,0
DA:281,0
DA:284,0
DA:288,0
DA:289,0
DA:290,0
DA:292,0
DA:294,0
DA:296,0
DA:301,0
DA:302,0
DA:304,0
DA:305,0
DA:307,0
DA:308,0
DA:310,0
DA:311,0
DA:313,0
DA:316,0
DA:317,0
DA:324,0
DA:325,0
DA:331,0
DA:333,0
DA:334,0
DA:344,0
DA:347,0
DA:348,0
DA:349,0
DA:350,0
DA:353,0
DA:354,0
DA:356,0
DA:363,0
DA:364,0
DA:365,0
DA:366,0
DA:367,0
DA:368,0
DA:369,0
DA:374,0
DA:375,0
DA:376,0
DA:379,0
DA:380,0
DA:382,0
DA:388,0
DA:389,0
DA:394,0
LF:184
LH:0
BRDA:11,0,0,0
BRDA:11,0,1,0
BRDA:11,1,0,0
BRDA:11,1,1,0
BRDA:24,2,0,0
BRDA:39,3,0,0
BRDA:39,3,1,0
BRDA:67,4,0,0
BRDA:67,4,1,0
BRDA:84,5,0,0
BRDA:84,5,1,0
BRDA:96,6,0,0
BRDA:96,6,1,0
BRDA:98,7,0,0
BRDA:98,7,1,0
BRDA:105,8,0,0
BRDA:105,8,1,0
BRDA:105,9,0,0
BRDA:105,9,1,0
BRDA:124,10,0,0
BRDA:124,10,1,0
BRDA:132,11,0,0
BRDA:132,11,1,0
BRDA:154,12,0,0
BRDA:154,12,1,0
BRDA:168,13,0,0
BRDA:168,13,1,0
BRDA:209,14,0,0
BRDA:209,14,1,0
BRDA:217,15,0,0
BRDA:217,15,1,0
BRDA:234,16,0,0
BRDA:234,16,1,0
BRDA:256,17,0,0
BRDA:256,17,1,0
BRDA:279,18,0,0
BRDA:279,18,1,0
BRDA:279,19,0,0
BRDA:279,19,1,0
BRDA:302,20,0,0
BRDA:302,20,1,0
BRDA:302,20,2,0
BRDA:302,20,3,0
BRDA:331,21,0,0
BRDA:331,21,1,0
BRDA:347,22,0,0
BRDA:347,22,1,0
BRDA:347,23,0,0
BRDA:347,23,1,0
BRDA:347,23,2,0
BRDA:353,24,0,0
BRDA:353,24,1,0
BRDA:364,25,0,0
BRDA:364,25,1,0
BRDA:367,26,0,0
BRDA:367,26,1,0
BRDA:367,27,0,0
BRDA:367,27,1,0
BRDA:374,28,0,0
BRDA:374,28,1,0
BRDA:374,29,0,0
BRDA:374,29,1,0
BRDA:379,30,0,0
BRDA:379,30,1,0
BRF:64
BRH:0
end_of_record
TN:
SF:app/static/js/liste_etablissements.js
FN:1,(anonymous_0)
FNF:1
FNH:0
FNDA:0,(anonymous_0)
DA:1,0
DA:2,0
DA:3,0
DA:4,0
DA:7,0
DA:8,0
DA:9,0
DA:12,0
DA:13,0
DA:16,0
DA:17,0
LF:11
LH:0
BRDA:8,0,0,0
BRDA:8,0,1,0
BRDA:9,1,0,0
BRDA:9,1,1,0
BRDA:13,2,0,0
BRDA:13,2,1,0
BRDA:16,3,0,0
BRDA:16,3,1,0
BRF:8
BRH:0
end_of_record
TN:
SF:app/static/js/macros.js
FN:6,cancelEdit
FN:15,editEtablissement
FN:25,editFlan
FN:55,cancelEditFlan
FN:75,editEvaluation
FN:84,cancelEditEval
FN:93,initMacroEventListeners
FN:106,setupMacroListeners
FN:110,(anonymous_8)
FN:111,(anonymous_9)
FN:134,(anonymous_10)
FN:135,(anonymous_11)
FN:158,(anonymous_12)
FN:163,(anonymous_13)
FNF:14
FNH:9
FNDA:2,cancelEdit
FNDA:3,editEtablissement
FNDA:9,editFlan
FNDA:4,cancelEditFlan
FNDA:0,editEvaluation
FNDA:2,cancelEditEval
FNDA:11,initMacroEventListeners
FNDA:11,setupMacroListeners
FNDA:17,(anonymous_8)
FNDA:5,(anonymous_9)
FNDA:0,(anonymous_10)
FNDA:0,(anonymous_11)
FNDA:0,(anonymous_12)
FNDA:0,(anonymous_13)
DA:7,2
DA:8,2
DA:16,3
DA:17,3
DA:26,9
DA:27,9
DA:28,9
DA:29,9
DA:30,9
DA:31,9
DA:33,9
DA:34,7
DA:36,7
DA:37,7
DA:38,7
DA:40,2
DA:56,4
DA:57,4
DA:59,4
DA:60,3
DA:61,3
DA:63,1
DA:76,0
DA:77,0
DA:85,2
DA:86,2
DA:95,11
DA:96,0
DA:100,11
DA:101,0
DA:103,11
DA:108,11
DA:110,11
DA:111,17
DA:112,5
DA:113,5
DA:116,5
DA:118,1
DA:119,1
DA:121,3
DA:122,3
DA:124,0
DA:125,0
DA:127,1
DA:133,11
DA:134,11
DA:135,0
DA:136,0
DA:137,0
DA:140,0
DA:142,0
DA:143,0
DA:145,0
DA:146,0
DA:148,0
DA:149,0
DA:151,0
DA:157,11
DA:158,11
DA:162,11
DA:163,11
DA:170,4
LF:62
LH:45
BRDA:33,0,0,7
BRDA:33,0,1,2
BRDA:33,1,0,9
BRDA:33,1,1,9
BRDA:33,1,2,9
BRDA:33,1,3,7
BRDA:33,1,4,7
BRDA:33,1,5,7
BRDA:59,2,0,3
BRDA:59,2,1,1
BRDA:59,3,0,4
BRDA:59,3,1,3
BRDA:95,4,0,0
BRDA:95,4,1,11
BRDA:100,5,0,0
BRDA:100,5,1,11
BRDA:116,6,0,1
BRDA:116,6,1,3
BRDA:116,6,2,0
BRDA:116,6,3,1
BRDA:140,7,0,0
BRDA:140,7,1,0
BRDA:140,7,2,0
BRDA:140,7,3,0
BRF:24
BRH:17
end_of_record
TN:
SF:app/static/js/main.js
FN:17,(anonymous_0)
FN:49,initializeHomePage
FN:65,initializeListeEtablissementsPage
FN:131,initializeProposerEtablissementPage
FN:143,(anonymous_4)
FN:152,(anonymous_5)
FN:161,initializeDashboardPage
FN:176,initializeDefaultPage
FN:186,initGeolocButton
FN:190,(anonymous_9)
FN:202,(anonymous_10)
FN:223,(anonymous_11)
FN:247,restoreButtonState
FN:257,showDeleteAccountForm
FN:271,setupDashboardButtons
FN:275,(anonymous_15)
FN:286,(anonymous_16)
FN:297,(anonymous_17)
FN:306,cancelDeleteAccount
FN:320,setupCommonElements
FN:324,(anonymous_20)
FNF:21
FNH:8
FNDA:1,(anonymous_0)
FNDA:0,initializeHomePage
FNDA:0,initializeListeEtablissementsPage
FNDA:0,initializeProposerEtablissementPage
FNDA:0,(anonymous_4)
FNDA:0,(anonymous_5)
FNDA:0,initializeDashboardPage
FNDA:1,initializeDefaultPage
FNDA:2,initGeolocButton
FNDA:2,(anonymous_9)
FNDA:1,(anonymous_10)
FNDA:1,(anonymous_11)
FNDA:1,restoreButtonState
FNDA:0,showDeleteAccountForm
FNDA:0,setupDashboardButtons
FNDA:0,(anonymous_15)
FNDA:0,(anonymous_16)
FNDA:0,(anonymous_17)
FNDA:0,cancelDeleteAccount
FNDA:1,setupCommonElements
FNDA:0,(anonymous_20)
DA:17,1
DA:18,1
DA:21,1
DA:22,1
DA:24,1
DA:26,0
DA:27,0
DA:29,0
DA:30,0
DA:32,0
DA:33,0
DA:35,0
DA:36,0
DA:38,1
DA:42,1
DA:43,1
DA:50,0
DA:53,0
DA:54,0
DA:55,0
DA:59,0
DA:66,0
DA:69,0
DA:70,0
DA:72,0
DA:73,0
DA:75,0
DA:76,0
DA:79,0
DA:80,0
DA:81,0
DA:84,0
DA:85,0
DA:88,0
DA:89,0
DA:92,0
DA:93,0
DA:97,0
DA:98,0
DA:99,0
DA:102,0
DA:103,0
DA:104,0
DA:107,0
DA:108,0
DA:111,0
DA:112,0
DA:115,0
DA:116,0
DA:120,0
DA:121,0
DA:125,0
DA:132,0
DA:134,0
DA:135,0
DA:136,0
DA:137,0
DA:139,0
DA:142,0
DA:144,0
DA:145,0
DA:148,0
DA:149,0
DA:153,0
DA:154,0
DA:162,0
DA:165,0
DA:166,0
DA:170,0
DA:177,1
DA:180,1
DA:187,2
DA:188,2
DA:190,2
DA:192,2
DA:193,2
DA:196,2
DA:198,2
DA:201,2
DA:204,1
DA:205,1
DA:207,1
DA:208,1
DA:209,1
DA:212,1
DA:213,1
DA:214,1
DA:215,1
DA:217,1
DA:218,1
DA:220,0
DA:225,1
DA:226,1
DA:228,0
DA:229,0
DA:231,0
DA:232,0
DA:234,0
DA:235,0
DA:237,1
DA:240,1
DA:241,1
DA:248,1
DA:249,1
DA:258,0
DA:259,0
DA:260,0
DA:262,0
DA:263,0
DA:264,0
DA:273,0
DA:274,0
DA:275,0
DA:276,0
DA:277,0
DA:278,0
DA:279,0
DA:284,0
DA:285,0
DA:286,0
DA:287,0
DA:288,0
DA:289,0
DA:290,0
DA:295,0
DA:296,0
DA:297,0
DA:298,0
DA:307,0
DA:308,0
DA:309,0
DA:312,0
DA:313,0
DA:314,0
DA:322,1
DA:323,1
DA:324,0
DA:325,0
DA:326,0
DA:329,0
DA:330,0
DA:331,0
DA:338,1
DA:339,1
DA:340,1
DA:341,1
DA:342,1
DA:343,1
DA:344,1
DA:345,1
DA:348,1
DA:349,1
DA:366,1
LF:153
LH:49
BRDA:24,0,0,0
BRDA:24,0,1,0
BRDA:24,0,2,0
BRDA:24,0,3,0
BRDA:24,0,4,1
BRDA:53,1,0,0
BRDA:53,1,1,0
BRDA:70,2,0,0
BRDA:70,2,1,0
BRDA:70,3,0,0
BRDA:70,3,1,0
BRDA:73,4,0,0
BRDA:73,4,1,0
BRDA:73,5,0,0
BRDA:73,5,1,0
BRDA:76,6,0,0
BRDA:76,6,1,0
BRDA:76,7,0,0
BRDA:76,7,1,0
BRDA:80,8,0,0
BRDA:80,8,1,0
BRDA:81,9,0,0
BRDA:81,9,1,0
BRDA:85,10,0,0
BRDA:85,10,1,0
BRDA:88,11,0,0
BRDA:88,11,1,0
BRDA:88,12,0,0
BRDA:88,12,1,0
BRDA:92,13,0,0
BRDA:92,13,1,0
BRDA:115,14,0,0
BRDA:115,14,1,0
BRDA:115,15,0,0
BRDA:115,15,1,0
BRDA:115,15,2,0
BRDA:120,16,0,0
BRDA:120,16,1,0
BRDA:120,17,0,0
BRDA:120,17,1,0
BRDA:120,17,2,0
BRDA:135,18,0,0
BRDA:135,18,1,0
BRDA:148,19,0,0
BRDA:148,19,1,0
BRDA:165,20,0,0
BRDA:165,20,1,0
BRDA:188,21,0,0
BRDA:188,21,1,2
BRDA:207,22,0,1
BRDA:207,22,1,0
BRDA:207,23,0,1
BRDA:207,23,1,1
BRDA:226,24,0,0
BRDA:226,24,1,0
BRDA:226,24,2,0
BRDA:226,24,3,1
BRDA:259,25,0,0
BRDA:259,25,1,0
BRDA:263,26,0,0
BRDA:263,26,1,0
BRDA:274,27,0,0
BRDA:274,27,1,0
BRDA:277,28,0,0
BRDA:277,28,1,0
BRDA:279,29,0,0
BRDA:279,29,1,0
BRDA:285,30,0,0
BRDA:285,30,1,0
BRDA:288,31,0,0
BRDA:288,31,1,0
BRDA:290,32,0,0
BRDA:290,32,1,0
BRDA:296,33,0,0
BRDA:296,33,1,0
BRDA:308,34,0,0
BRDA:308,34,1,0
BRDA:323,35,0,0
BRDA:323,35,1,1
BRDA:329,36,0,0
BRDA:329,36,1,0
BRDA:348,37,0,1
BRDA:348,37,1,0
BRDA:348,38,0,1
BRDA:348,38,1,1
BRF:85
BRH:10
end_of_record
TN:
SF:app/static/js/map.js
FN:34,createEmojiIcon
FN:51,createEtablissementMarker
FN:67,(anonymous_2)
FN:91,(anonymous_3)
FN:96,(anonymous_4)
FN:97,(anonymous_5)
FN:101,(anonymous_6)
FN:108,(anonymous_7)
FN:116,(anonymous_8)
FN:135,zoomOnVille
FN:141,(anonymous_10)
FN:151,(anonymous_11)
FN:171,createUserMarker
FN:209,addGeolocateControl
FN:212,(anonymous_14)
FN:227,(anonymous_15)
FN:230,(anonymous_16)
FN:234,(anonymous_17)
FN:249,initMap
FN:277,(anonymous_19)
FN:287,(anonymous_20)
FN:304,loadEtablissements
FN:319,updateMapAndMarkers
FN:327,(anonymous_23)
FN:331,(anonymous_24)
FN:358,updateMarkersBasedOnFilters
FN:359,(anonymous_26)
FN:368,(anonymous_27)
FN:378,(anonymous_28)
FN:397,setActiveFilters
FN:401,getActiveFilters
FN:405,setUserLocation
FN:409,setVilleSelectionnee
FN:416,saveCompleteStateToUrl
FNF:34
FNH:0
FNDA:0,createEmojiIcon
FNDA:0,createEtablissementMarker
FNDA:0,(anonymous_2)
FNDA:0,(anonymous_3)
FNDA:0,(anonymous_4)
FNDA:0,(anonymous_5)
FNDA:0,(anonymous_6)
FNDA:0,(anonymous_7)
FNDA:0,(anonymous_8)
FNDA:0,zoomOnVille
FNDA:0,(anonymous_10)
FNDA:0,(anonymous_11)
FNDA:0,createUserMarker
FNDA:0,addGeolocateControl
FNDA:0,(anonymous_14)
FNDA:0,(anonymous_15)
FNDA:0,(anonymous_16)
FNDA:0,(anonymous_17)
FNDA:0,initMap
FNDA:0,(anonymous_19)
FNDA:0,(anonymous_20)
FNDA:0,loadEtablissements
FNDA:0,updateMapAndMarkers
FNDA:0,(anonymous_23)
FNDA:0,(anonymous_24)
FNDA:0,updateMarkersBasedOnFilters
FNDA:0,(anonymous_26)
FNDA:0,(anonymous_27)
FNDA:0,(anonymous_28)
FNDA:0,setActiveFilters
FNDA:0,getActiveFilters
FNDA:0,setUserLocation
FNDA:0,setVilleSelectionnee
FNDA:0,saveCompleteStateToUrl
DA:11,1
DA:12,1
DA:13,1
DA:14,1
DA:15,1
DA:16,1
DA:17,1
DA:20,1
DA:35,0
DA:52,0
DA:53,0
DA:54,0
DA:55,0
DA:56,0
DA:58,0
DA:61,0
DA:67,0
DA:69,0
DA:71,0
DA:75,0
DA:76,0
DA:80,0
DA:87,0
DA:88,0
DA:89,0
DA:91,0
DA:92,0
DA:95,0
DA:96,0
DA:98,0
DA:99,0
DA:101,0
DA:102,0
DA:103,0
DA:104,0
DA:109,0
DA:110,0
DA:111,0
DA:112,0
DA:113,0
DA:114,0
DA:116,0
DA:117,0
DA:118,0
DA:119,0
DA:125,0
DA:126,0
DA:136,0
DA:137,0
DA:141,0
DA:142,0
DA:145,0
DA:146,0
DA:150,0
DA:151,0
DA:152,0
DA:153,0
DA:157,0
DA:159,0
DA:160,0
DA:163,0
DA:173,0
DA:174,0
DA:175,0
DA:178,0
DA:180,0
DA:190,0
DA:193,0
DA:194,0
DA:196,0
DA:198,0
DA:202,0
DA:203,0
DA:210,0
DA:212,0
DA:214,0
DA:215,0
DA:217,0
DA:218,0
DA:219,0
DA:222,0
DA:225,0
DA:229,0
DA:232,0
DA:235,0
DA:239,0
DA:242,0
DA:250,0
DA:251,0
DA:252,0
DA:253,0
DA:257,0
DA:258,0
DA:261,0
DA:262,0
DA:263,0
DA:266,0
DA:267,0
DA:272,0
DA:277,0
DA:279,0
DA:283,0
DA:286,0
DA:287,0
DA:288,0
DA:290,0
DA:296,0
DA:298,0
DA:300,0
DA:305,0
DA:306,0
DA:307,0
DA:308,0
DA:309,0
DA:311,0
DA:313,0
DA:314,0
DA:320,0
DA:321,0
DA:322,0
DA:323,0
DA:327,0
DA:328,0
DA:329,0
DA:331,0
DA:332,0
DA:333,0
DA:334,0
DA:335,0
DA:340,0
DA:342,0
DA:343,0
DA:346,0
DA:351,0
DA:359,0
DA:360,0
DA:361,0
DA:364,0
DA:365,0
DA:366,0
DA:368,0
DA:369,0
DA:374,0
DA:375,0
DA:376,0
DA:378,0
DA:379,0
DA:384,0
DA:385,0
DA:386,0
DA:388,0
DA:389,0
DA:391,0
DA:398,0
DA:402,0
DA:406,0
DA:410,0
DA:417,0
DA:418,0
DA:421,0
DA:422,0
DA:424,0
DA:427,0
DA:428,0
DA:430,0
DA:433,0
DA:434,0
DA:436,0
DA:439,0
DA:440,0
DA:442,0
DA:445,0
DA:446,0
DA:448,0
DA:452,0
DA:453,0
DA:454,0
DA:455,0
DA:456,0
DA:459,0
DA:463,1
LF:181
LH:9
BRDA:51,0,0,0
BRDA:53,1,0,0
BRDA:53,1,1,0
BRDA:55,2,0,0
BRDA:55,2,1,0
BRDA:69,3,0,0
BRDA:69,3,1,0
BRDA:69,4,0,0
BRDA:69,4,1,0
BRDA:75,5,0,0
BRDA:75,5,1,0
BRDA:102,6,0,0
BRDA:102,6,1,0
BRDA:117,7,0,0
BRDA:117,7,1,0
BRDA:136,8,0,0
BRDA:136,8,1,0
BRDA:136,9,0,0
BRDA:136,9,1,0
BRDA:136,9,2,0
BRDA:142,10,0,0
BRDA:142,10,1,0
BRDA:145,11,0,0
BRDA:145,11,1,0
BRDA:152,12,0,0
BRDA:152,12,1,0
BRDA:152,13,0,0
BRDA:152,13,1,0
BRDA:157,14,0,0
BRDA:157,14,1,0
BRDA:171,15,0,0
BRDA:173,16,0,0
BRDA:173,16,1,0
BRDA:178,17,0,0
BRDA:178,17,1,0
BRDA:178,18,0,0
BRDA:178,18,1,0
BRDA:193,19,0,0
BRDA:193,19,1,0
BRDA:196,20,0,0
BRDA:196,20,1,0
BRDA:202,21,0,0
BRDA:202,21,1,0
BRDA:249,22,0,0
BRDA:251,23,0,0
BRDA:251,23,1,0
BRDA:261,24,0,0
BRDA:261,24,1,0
BRDA:307,25,0,0
BRDA:307,25,1,0
BRDA:321,26,0,0
BRDA:321,26,1,0
BRDA:321,27,0,0
BRDA:321,27,1,0
BRDA:332,28,0,0
BRDA:332,28,1,0
BRDA:332,29,0,0
BRDA:332,29,1,0
BRDA:340,30,0,0
BRDA:340,30,1,0
BRDA:340,31,0,0
BRDA:340,31,1,0
BRDA:342,32,0,0
BRDA:342,32,1,0
BRDA:342,33,0,0
BRDA:342,33,1,0
BRDA:364,34,0,0
BRDA:364,34,1,0
BRDA:365,35,0,0
BRDA:365,35,1,0
BRDA:365,36,0,0
BRDA:365,36,1,0
BRDA:369,37,0,0
BRDA:369,37,1,0
BRDA:374,38,0,0
BRDA:374,38,1,0
BRDA:375,39,0,0
BRDA:375,39,1,0
BRDA:375,40,0,0
BRDA:375,40,1,0
BRDA:379,41,0,0
BRDA:379,41,1,0
BRDA:384,42,0,0
BRDA:384,42,1,0
BRDA:384,43,0,0
BRDA:384,43,1,0
BRDA:385,44,0,0
BRDA:385,44,1,0
BRDA:385,45,0,0
BRDA:385,45,1,0
BRDA:386,46,0,0
BRDA:386,46,1,0
BRDA:386,47,0,0
BRDA:386,47,1,0
BRDA:388,48,0,0
BRDA:388,48,1,0
BRDA:421,49,0,0
BRDA:421,49,1,0
BRDA:427,50,0,0
BRDA:427,50,1,0
BRDA:433,51,0,0
BRDA:433,51,1,0
BRDA:439,52,0,0
BRDA:439,52,1,0
BRDA:445,53,0,0
BRDA:445,53,1,0
BRDA:452,54,0,0
BRDA:452,54,1,0
BRF:108
BRH:0
end_of_record
TN:
SF:app/static/js/utils.js
FN:13,debounce
FN:15,(anonymous_1)
FN:17,(anonymous_2)
FN:27,showLoading
FN:75,hideLoading
FN:87,showToast
FN:111,(anonymous_6)
FN:128,(anonymous_7)
FN:133,createToastContainer
FN:144,getToastHeaderColor
FN:154,getToastTitle
FN:169,toggleActiveButton
FN:181,saveStateToUrl
FN:200,restoreStateFromUrl
FN:205,(anonymous_14)
FN:225,updateActiveButtonStates
FN:227,(anonymous_16)
FN:237,(anonymous_17)
FN:247,(anonymous_18)
FN:265,updateMainFilterButtons
FN:287,goBackOrRedirect
FNF:21
FNH:10
FNDA:9,debounce
FNDA:10,(anonymous_1)
FNDA:6,(anonymous_2)
FNDA:14,showLoading
FNDA:14,hideLoading
FNDA:7,showToast
FNDA:0,(anonymous_6)
FNDA:0,(anonymous_7)
FNDA:1,createToastContainer
FNDA:7,getToastHeaderColor
FNDA:7,getToastTitle
FNDA:0,toggleActiveButton
FNDA:0,saveStateToUrl
FNDA:1,restoreStateFromUrl
FNDA:0,(anonymous_14)
FNDA:0,updateActiveButtonStates
FNDA:0,(anonymous_16)
FNDA:0,(anonymous_17)
FNDA:0,(anonymous_18)
FNDA:0,updateMainFilterButtons
FNDA:0,goBackOrRedirect
DA:15,9
DA:16,10
DA:17,10
DA:18,6
DA:28,14
DA:31,14
DA:33,14
DA:34,5
DA:35,5
DA:36,5
DA:37,5
DA:38,5
DA:39,5
DA:40,5
DA:41,5
DA:42,5
DA:43,5
DA:44,5
DA:45,5
DA:46,5
DA:47,5
DA:48,5
DA:50,5
DA:51,5
DA:52,5
DA:53,5
DA:54,5
DA:55,5
DA:57,5
DA:58,5
DA:60,5
DA:61,5
DA:62,5
DA:64,9
DA:65,9
DA:66,9
DA:68,9
DA:76,14
DA:77,14
DA:78,14
DA:88,7
DA:90,7
DA:92,7
DA:93,7
DA:94,7
DA:95,7
DA:97,7
DA:98,7
DA:99,7
DA:100,7
DA:102,7
DA:103,7
DA:104,7
DA:106,7
DA:107,7
DA:108,7
DA:109,7
DA:110,7
DA:111,7
DA:112,0
DA:115,7
DA:116,7
DA:118,7
DA:119,7
DA:120,7
DA:122,7
DA:123,7
DA:125,7
DA:128,7
DA:129,0
DA:134,1
DA:135,1
DA:136,1
DA:137,1
DA:138,1
DA:139,1
DA:140,1
DA:141,1
DA:145,7
DA:151,7
DA:155,7
DA:161,7
DA:170,0
DA:171,0
DA:173,0
DA:182,0
DA:185,0
DA:186,0
DA:187,0
DA:189,0
DA:193,0
DA:201,1
DA:202,1
DA:205,1
DA:207,0
DA:208,0
DA:209,0
DA:210,0
DA:211,0
DA:212,0
DA:214,0
DA:218,1
DA:227,0
DA:228,0
DA:229,0
DA:230,0
DA:232,0
DA:237,0
DA:238,0
DA:239,0
DA:240,0
DA:242,0
DA:247,0
DA:248,0
DA:249,0
DA:250,0
DA:251,0
DA:252,0
DA:253,0
DA:254,0
DA:256,0
DA:267,0
DA:268,0
DA:269,0
DA:272,0
DA:273,0
DA:275,0
DA:276,0
DA:278,0
DA:279,0
DA:289,0
DA:292,0
DA:293,0
DA:294,0
DA:296,0
DA:301,0
DA:306,4
LF:137
LH:85
BRDA:13,0,0,7
BRDA:27,1,0,0
BRDA:33,2,0,5
BRDA:33,2,1,9
BRDA:65,3,0,9
BRDA:65,3,1,0
BRDA:77,4,0,14
BRDA:77,4,1,0
BRDA:87,5,0,0
BRDA:90,6,0,7
BRDA:90,6,1,1
BRDA:151,7,0,7
BRDA:151,7,1,0
BRDA:161,8,0,7
BRDA:161,8,1,0
BRDA:170,9,0,0
BRDA:170,9,1,0
BRDA:186,10,0,0
BRDA:186,10,1,0
BRDA:186,11,0,0
BRDA:186,11,1,0
BRDA:186,11,2,0
BRDA:207,12,0,0
BRDA:207,12,1,0
BRDA:209,13,0,0
BRDA:209,13,1,0
BRDA:211,14,0,0
BRDA:211,14,1,0
BRDA:229,15,0,0
BRDA:229,15,1,0
BRDA:239,16,0,0
BRDA:239,16,1,0
BRDA:249,17,0,0
BRDA:249,17,1,0
BRDA:249,18,0,0
BRDA:249,18,1,0
BRDA:251,19,0,0
BRDA:251,19,1,0
BRDA:251,20,0,0
BRDA:251,20,1,0
BRDA:253,21,0,0
BRDA:253,21,1,0
BRDA:253,22,0,0
BRDA:253,22,1,0
BRDA:272,23,0,0
BRDA:272,23,1,0
BRDA:275,24,0,0
BRDA:275,24,1,0
BRDA:278,25,0,0
BRDA:278,25,1,0
BRDA:278,26,0,0
BRDA:278,26,1,0
BRDA:278,26,2,0
BRDA:292,27,0,0
BRDA:292,27,1,0
BRDA:292,28,0,0
BRDA:292,28,1,0
BRF:57
BRH:9
end_of_record
